2023-01-10 09:51:46,577 INFO notifyConnectTimeout:200

2023-01-10 09:51:46,614 INFO notifySocketTimeout:8000

2023-01-10 09:51:46,617 INFO isHealthCheck:true

2023-01-10 09:51:46,619 INFO maxHealthCheckFailCount:12

2023-01-10 09:51:46,620 INFO maxContent:10485760

2023-01-10 09:51:46,633 INFO spring.datasource.platform:""

2023-01-10 09:51:58,941 INFO use local db service for init

2023-01-10 09:52:00,379 WARN Lexical error at line 4, column 66.  Encountered: <EOF> after : "".

2023-01-10 09:52:00,383 WARN Syntax error: Encountered "*" at line 1, column 1.

2023-01-10 09:52:00,456 WARN Table/View 'CONFIG_INFO' already exists in Schema 'NACOS'.

2023-01-10 09:52:00,540 WARN Table/View 'HIS_CONFIG_INFO' already exists in Schema 'NACOS'.

2023-01-10 09:52:00,593 WARN Table/View 'CONFIG_INFO_BETA' already exists in Schema 'NACOS'.

2023-01-10 09:52:00,620 WARN Table/View 'CONFIG_INFO_TAG' already exists in Schema 'NACOS'.

2023-01-10 09:52:00,637 WARN Table/View 'CONFIG_INFO_AGGR' already exists in Schema 'NACOS'.

2023-01-10 09:52:00,656 WARN Table/View 'APP_LIST' already exists in Schema 'NACOS'.

2023-01-10 09:52:00,670 WARN Table/View 'APP_CONFIGDATA_RELATION_SUBS' already exists in Schema 'NACOS'.

2023-01-10 09:52:00,685 WARN Table/View 'APP_CONFIGDATA_RELATION_PUBS' already exists in Schema 'NACOS'.

2023-01-10 09:52:00,704 WARN Table/View 'CONFIG_TAGS_RELATION' already exists in Schema 'NACOS'.

2023-01-10 09:52:00,751 WARN Table/View 'GROUP_CAPACITY' already exists in Schema 'NACOS'.

2023-01-10 09:52:00,772 WARN Table/View 'TENANT_CAPACITY' already exists in Schema 'NACOS'.

2023-01-10 09:52:00,794 WARN Table/View 'TENANT_INFO' already exists in Schema 'NACOS'.

2023-01-10 09:52:00,822 WARN Table/View 'USERS' already exists in Schema 'NACOS'.

2023-01-10 09:52:00,853 WARN Table/View 'ROLES' already exists in Schema 'NACOS'.

2023-01-10 09:52:00,873 WARN Table/View 'PERMISSIONS' already exists in Schema 'NACOS'.

2023-01-10 09:52:00,976 WARN The statement was aborted because it would have caused a duplicate key value in a unique or primary key constraint or unique index identified by 'SQL221230104631840' defined on 'USERS'.

2023-01-10 09:52:00,991 WARN The statement was aborted because it would have caused a duplicate key value in a unique or primary key constraint or unique index identified by 'UK_USERNAME_ROLE' defined on 'ROLES'.

2023-01-10 09:52:00,992 WARN Lexical error at line 4, column 13.  Encountered: "`" (96), after : "".

2023-01-10 09:52:00,994 WARN Lexical error at line 1, column 13.  Encountered: "`" (96), after : "".

2023-01-10 09:52:00,995 WARN Lexical error at line 1, column 13.  Encountered: "`" (96), after : "".

2023-01-10 09:52:00,997 WARN Lexical error at line 1, column 13.  Encountered: "`" (96), after : "".

2023-01-10 09:52:00,998 INFO use StandaloneDatabaseOperateImpl

2023-01-10 09:52:01,269 WARN DumpService start

2023-01-10 09:52:01,311 INFO start clear all config-info.

2023-01-10 09:52:01,321 WARN clear all config-info failed.

2023-01-10 09:52:01,336 WARN clear all config-info-tenant failed.

2023-01-10 09:52:01,786 INFO [all-dump] 582755081372315648 / 582755081372315648

2023-01-10 09:52:01,787 INFO start clear all config-info-beta.

2023-01-10 09:52:01,789 WARN clear all config-info-beta failed.

2023-01-10 09:52:01,790 WARN clear all config-info-beta-tenant failed.

2023-01-10 09:52:01,870 INFO start clear all config-info-tag.

2023-01-10 09:52:01,871 WARN clear all config-info-tag failed.

2023-01-10 09:52:01,875 WARN clear all config-info-tag-tenant failed.

2023-01-10 10:04:31,043 INFO notifyConnectTimeout:200

2023-01-10 10:04:31,054 INFO notifySocketTimeout:8000

2023-01-10 10:04:31,056 INFO isHealthCheck:true

2023-01-10 10:04:31,059 INFO maxHealthCheckFailCount:12

2023-01-10 10:04:31,062 INFO maxContent:10485760

2023-01-10 10:04:31,067 INFO spring.datasource.platform:""

2023-01-10 10:04:42,595 INFO use local db service for init

2023-01-10 10:04:43,764 WARN Lexical error at line 4, column 66.  Encountered: <EOF> after : "".

2023-01-10 10:04:43,769 WARN Syntax error: Encountered "*" at line 1, column 1.

2023-01-10 10:04:43,844 WARN Table/View 'CONFIG_INFO' already exists in Schema 'NACOS'.

2023-01-10 10:04:43,918 WARN Table/View 'HIS_CONFIG_INFO' already exists in Schema 'NACOS'.

2023-01-10 10:04:43,975 WARN Table/View 'CONFIG_INFO_BETA' already exists in Schema 'NACOS'.

2023-01-10 10:04:43,997 WARN Table/View 'CONFIG_INFO_TAG' already exists in Schema 'NACOS'.

2023-01-10 10:04:44,013 WARN Table/View 'CONFIG_INFO_AGGR' already exists in Schema 'NACOS'.

2023-01-10 10:04:44,030 WARN Table/View 'APP_LIST' already exists in Schema 'NACOS'.

2023-01-10 10:04:44,044 WARN Table/View 'APP_CONFIGDATA_RELATION_SUBS' already exists in Schema 'NACOS'.

2023-01-10 10:04:44,064 WARN Table/View 'APP_CONFIGDATA_RELATION_PUBS' already exists in Schema 'NACOS'.

2023-01-10 10:04:44,080 WARN Table/View 'CONFIG_TAGS_RELATION' already exists in Schema 'NACOS'.

2023-01-10 10:04:44,104 WARN Table/View 'GROUP_CAPACITY' already exists in Schema 'NACOS'.

2023-01-10 10:04:44,119 WARN Table/View 'TENANT_CAPACITY' already exists in Schema 'NACOS'.

2023-01-10 10:04:44,133 WARN Table/View 'TENANT_INFO' already exists in Schema 'NACOS'.

2023-01-10 10:04:44,164 WARN Table/View 'USERS' already exists in Schema 'NACOS'.

2023-01-10 10:04:44,181 WARN Table/View 'ROLES' already exists in Schema 'NACOS'.

2023-01-10 10:04:44,192 WARN Table/View 'PERMISSIONS' already exists in Schema 'NACOS'.

2023-01-10 10:04:44,300 WARN The statement was aborted because it would have caused a duplicate key value in a unique or primary key constraint or unique index identified by 'SQL221230104631840' defined on 'USERS'.

2023-01-10 10:04:44,313 WARN The statement was aborted because it would have caused a duplicate key value in a unique or primary key constraint or unique index identified by 'UK_USERNAME_ROLE' defined on 'ROLES'.

2023-01-10 10:04:44,324 WARN Lexical error at line 4, column 13.  Encountered: "`" (96), after : "".

2023-01-10 10:04:44,326 WARN Lexical error at line 1, column 13.  Encountered: "`" (96), after : "".

2023-01-10 10:04:44,327 WARN Lexical error at line 1, column 13.  Encountered: "`" (96), after : "".

2023-01-10 10:04:44,328 WARN Lexical error at line 1, column 13.  Encountered: "`" (96), after : "".

2023-01-10 10:04:44,329 INFO use StandaloneDatabaseOperateImpl

2023-01-10 10:04:44,802 WARN DumpService start

2023-01-10 10:04:44,809 INFO start clear all config-info.

2023-01-10 10:04:44,813 WARN clear all config-info failed.

2023-01-10 10:04:44,814 WARN clear all config-info-tenant failed.

2023-01-10 10:04:45,277 INFO [all-dump] 582755081372315648 / 582755081372315648

2023-01-10 10:04:45,286 INFO start clear all config-info-beta.

2023-01-10 10:04:45,288 WARN clear all config-info-beta failed.

2023-01-10 10:04:45,291 WARN clear all config-info-beta-tenant failed.

2023-01-10 10:04:45,398 INFO start clear all config-info-tag.

2023-01-10 10:04:45,401 WARN clear all config-info-tag failed.

2023-01-10 10:04:45,402 WARN clear all config-info-tag-tenant failed.

2023-01-10 10:07:43,495 INFO notifyConnectTimeout:200

2023-01-10 10:07:43,542 INFO notifySocketTimeout:8000

2023-01-10 10:07:43,547 INFO isHealthCheck:true

2023-01-10 10:07:43,550 INFO maxHealthCheckFailCount:12

2023-01-10 10:07:43,560 INFO maxContent:10485760

2023-01-10 10:07:43,584 INFO spring.datasource.platform:""

2023-01-10 10:07:52,922 INFO use local db service for init

2023-01-10 10:07:54,190 WARN Lexical error at line 4, column 66.  Encountered: <EOF> after : "".

2023-01-10 10:07:54,198 WARN Syntax error: Encountered "*" at line 1, column 1.

2023-01-10 10:07:54,323 WARN Table/View 'CONFIG_INFO' already exists in Schema 'NACOS'.

2023-01-10 10:07:54,485 WARN Table/View 'HIS_CONFIG_INFO' already exists in Schema 'NACOS'.

2023-01-10 10:07:54,552 WARN Table/View 'CONFIG_INFO_BETA' already exists in Schema 'NACOS'.

2023-01-10 10:07:54,578 WARN Table/View 'CONFIG_INFO_TAG' already exists in Schema 'NACOS'.

2023-01-10 10:07:54,604 WARN Table/View 'CONFIG_INFO_AGGR' already exists in Schema 'NACOS'.

2023-01-10 10:07:54,627 WARN Table/View 'APP_LIST' already exists in Schema 'NACOS'.

2023-01-10 10:07:54,646 WARN Table/View 'APP_CONFIGDATA_RELATION_SUBS' already exists in Schema 'NACOS'.

2023-01-10 10:07:54,661 WARN Table/View 'APP_CONFIGDATA_RELATION_PUBS' already exists in Schema 'NACOS'.

2023-01-10 10:07:54,680 WARN Table/View 'CONFIG_TAGS_RELATION' already exists in Schema 'NACOS'.

2023-01-10 10:07:54,710 WARN Table/View 'GROUP_CAPACITY' already exists in Schema 'NACOS'.

2023-01-10 10:07:54,733 WARN Table/View 'TENANT_CAPACITY' already exists in Schema 'NACOS'.

2023-01-10 10:07:54,760 WARN Table/View 'TENANT_INFO' already exists in Schema 'NACOS'.

2023-01-10 10:07:54,786 WARN Table/View 'USERS' already exists in Schema 'NACOS'.

2023-01-10 10:07:54,803 WARN Table/View 'ROLES' already exists in Schema 'NACOS'.

2023-01-10 10:07:54,824 WARN Table/View 'PERMISSIONS' already exists in Schema 'NACOS'.

2023-01-10 10:07:54,946 WARN The statement was aborted because it would have caused a duplicate key value in a unique or primary key constraint or unique index identified by 'SQL221230104631840' defined on 'USERS'.

2023-01-10 10:07:54,965 WARN The statement was aborted because it would have caused a duplicate key value in a unique or primary key constraint or unique index identified by 'UK_USERNAME_ROLE' defined on 'ROLES'.

2023-01-10 10:07:54,967 WARN Lexical error at line 4, column 13.  Encountered: "`" (96), after : "".

2023-01-10 10:07:54,969 WARN Lexical error at line 1, column 13.  Encountered: "`" (96), after : "".

2023-01-10 10:07:54,971 WARN Lexical error at line 1, column 13.  Encountered: "`" (96), after : "".

2023-01-10 10:07:54,973 WARN Lexical error at line 1, column 13.  Encountered: "`" (96), after : "".

2023-01-10 10:07:54,975 INFO use StandaloneDatabaseOperateImpl

2023-01-10 10:07:55,135 WARN DumpService start

2023-01-10 10:07:55,146 INFO start clear all config-info.

2023-01-10 10:07:55,149 WARN clear all config-info failed.

2023-01-10 10:07:55,152 WARN clear all config-info-tenant failed.

2023-01-10 10:07:55,536 INFO [all-dump] 582755081372315648 / 582755081372315648

2023-01-10 10:07:55,538 INFO start clear all config-info-beta.

2023-01-10 10:07:55,539 WARN clear all config-info-beta failed.

2023-01-10 10:07:55,539 WARN clear all config-info-beta-tenant failed.

2023-01-10 10:07:55,609 INFO start clear all config-info-tag.

2023-01-10 10:07:55,612 WARN clear all config-info-tag failed.

2023-01-10 10:07:55,613 WARN clear all config-info-tag-tenant failed.

2023-01-10 10:10:03,823 INFO notifyConnectTimeout:200

2023-01-10 10:10:03,838 INFO notifySocketTimeout:8000

2023-01-10 10:10:03,841 INFO isHealthCheck:true

2023-01-10 10:10:03,843 INFO maxHealthCheckFailCount:12

2023-01-10 10:10:03,847 INFO maxContent:10485760

2023-01-10 10:10:03,850 INFO spring.datasource.platform:""

2023-01-10 10:10:16,719 INFO use local db service for init

2023-01-10 10:10:18,327 WARN Lexical error at line 4, column 66.  Encountered: <EOF> after : "".

2023-01-10 10:10:18,332 WARN Syntax error: Encountered "*" at line 1, column 1.

2023-01-10 10:10:18,463 WARN Table/View 'CONFIG_INFO' already exists in Schema 'NACOS'.

2023-01-10 10:10:18,572 WARN Table/View 'HIS_CONFIG_INFO' already exists in Schema 'NACOS'.

2023-01-10 10:10:18,635 WARN Table/View 'CONFIG_INFO_BETA' already exists in Schema 'NACOS'.

2023-01-10 10:10:18,666 WARN Table/View 'CONFIG_INFO_TAG' already exists in Schema 'NACOS'.

2023-01-10 10:10:18,689 WARN Table/View 'CONFIG_INFO_AGGR' already exists in Schema 'NACOS'.

2023-01-10 10:10:18,707 WARN Table/View 'APP_LIST' already exists in Schema 'NACOS'.

2023-01-10 10:10:18,722 WARN Table/View 'APP_CONFIGDATA_RELATION_SUBS' already exists in Schema 'NACOS'.

2023-01-10 10:10:18,740 WARN Table/View 'APP_CONFIGDATA_RELATION_PUBS' already exists in Schema 'NACOS'.

2023-01-10 10:10:18,760 WARN Table/View 'CONFIG_TAGS_RELATION' already exists in Schema 'NACOS'.

2023-01-10 10:10:18,788 WARN Table/View 'GROUP_CAPACITY' already exists in Schema 'NACOS'.

2023-01-10 10:10:18,822 WARN Table/View 'TENANT_CAPACITY' already exists in Schema 'NACOS'.

2023-01-10 10:10:18,847 WARN Table/View 'TENANT_INFO' already exists in Schema 'NACOS'.

2023-01-10 10:10:18,877 WARN Table/View 'USERS' already exists in Schema 'NACOS'.

2023-01-10 10:10:18,901 WARN Table/View 'ROLES' already exists in Schema 'NACOS'.

2023-01-10 10:10:18,928 WARN Table/View 'PERMISSIONS' already exists in Schema 'NACOS'.

2023-01-10 10:10:19,106 WARN The statement was aborted because it would have caused a duplicate key value in a unique or primary key constraint or unique index identified by 'SQL221230104631840' defined on 'USERS'.

2023-01-10 10:10:19,128 WARN The statement was aborted because it would have caused a duplicate key value in a unique or primary key constraint or unique index identified by 'UK_USERNAME_ROLE' defined on 'ROLES'.

2023-01-10 10:10:19,130 WARN Lexical error at line 4, column 13.  Encountered: "`" (96), after : "".

2023-01-10 10:10:19,131 WARN Lexical error at line 1, column 13.  Encountered: "`" (96), after : "".

2023-01-10 10:10:19,133 WARN Lexical error at line 1, column 13.  Encountered: "`" (96), after : "".

2023-01-10 10:10:19,134 WARN Lexical error at line 1, column 13.  Encountered: "`" (96), after : "".

2023-01-10 10:10:19,135 INFO use StandaloneDatabaseOperateImpl

2023-01-10 10:10:19,354 WARN DumpService start

2023-01-10 10:10:19,364 INFO start clear all config-info.

2023-01-10 10:10:19,366 WARN clear all config-info failed.

2023-01-10 10:10:19,367 WARN clear all config-info-tenant failed.

2023-01-10 10:10:19,765 INFO [all-dump] 582755081372315648 / 582755081372315648

2023-01-10 10:10:19,766 INFO start clear all config-info-beta.

2023-01-10 10:10:19,768 WARN clear all config-info-beta failed.

2023-01-10 10:10:19,770 WARN clear all config-info-beta-tenant failed.

2023-01-10 10:10:19,829 INFO start clear all config-info-tag.

2023-01-10 10:10:19,836 WARN clear all config-info-tag failed.

2023-01-10 10:10:19,837 WARN clear all config-info-tag-tenant failed.

2023-01-10 10:12:44,234 INFO notifyConnectTimeout:200

2023-01-10 10:12:44,253 INFO notifySocketTimeout:8000

2023-01-10 10:12:44,254 INFO isHealthCheck:true

2023-01-10 10:12:44,255 INFO maxHealthCheckFailCount:12

2023-01-10 10:12:44,255 INFO maxContent:10485760

2023-01-10 10:12:44,257 INFO spring.datasource.platform:""

2023-01-10 10:12:52,111 INFO use local db service for init

2023-01-10 10:12:53,157 WARN Lexical error at line 4, column 66.  Encountered: <EOF> after : "".

2023-01-10 10:12:53,165 WARN Syntax error: Encountered "*" at line 1, column 1.

2023-01-10 10:12:53,231 WARN Table/View 'CONFIG_INFO' already exists in Schema 'NACOS'.

2023-01-10 10:12:53,301 WARN Table/View 'HIS_CONFIG_INFO' already exists in Schema 'NACOS'.

2023-01-10 10:12:53,334 WARN Table/View 'CONFIG_INFO_BETA' already exists in Schema 'NACOS'.

2023-01-10 10:12:53,351 WARN Table/View 'CONFIG_INFO_TAG' already exists in Schema 'NACOS'.

2023-01-10 10:12:53,368 WARN Table/View 'CONFIG_INFO_AGGR' already exists in Schema 'NACOS'.

2023-01-10 10:12:53,388 WARN Table/View 'APP_LIST' already exists in Schema 'NACOS'.

2023-01-10 10:12:53,429 WARN Table/View 'APP_CONFIGDATA_RELATION_SUBS' already exists in Schema 'NACOS'.

2023-01-10 10:12:53,449 WARN Table/View 'APP_CONFIGDATA_RELATION_PUBS' already exists in Schema 'NACOS'.

2023-01-10 10:12:53,466 WARN Table/View 'CONFIG_TAGS_RELATION' already exists in Schema 'NACOS'.

2023-01-10 10:12:53,497 WARN Table/View 'GROUP_CAPACITY' already exists in Schema 'NACOS'.

2023-01-10 10:12:53,530 WARN Table/View 'TENANT_CAPACITY' already exists in Schema 'NACOS'.

2023-01-10 10:12:53,549 WARN Table/View 'TENANT_INFO' already exists in Schema 'NACOS'.

2023-01-10 10:12:53,583 WARN Table/View 'USERS' already exists in Schema 'NACOS'.

2023-01-10 10:12:53,596 WARN Table/View 'ROLES' already exists in Schema 'NACOS'.

2023-01-10 10:12:53,610 WARN Table/View 'PERMISSIONS' already exists in Schema 'NACOS'.

2023-01-10 10:12:53,691 WARN The statement was aborted because it would have caused a duplicate key value in a unique or primary key constraint or unique index identified by 'SQL221230104631840' defined on 'USERS'.

2023-01-10 10:12:53,704 WARN The statement was aborted because it would have caused a duplicate key value in a unique or primary key constraint or unique index identified by 'UK_USERNAME_ROLE' defined on 'ROLES'.

2023-01-10 10:12:53,705 WARN Lexical error at line 4, column 13.  Encountered: "`" (96), after : "".

2023-01-10 10:12:53,707 WARN Lexical error at line 1, column 13.  Encountered: "`" (96), after : "".

2023-01-10 10:12:53,708 WARN Lexical error at line 1, column 13.  Encountered: "`" (96), after : "".

2023-01-10 10:12:53,710 WARN Lexical error at line 1, column 13.  Encountered: "`" (96), after : "".

2023-01-10 10:12:53,711 INFO use StandaloneDatabaseOperateImpl

2023-01-10 10:12:53,815 WARN DumpService start

2023-01-10 10:12:53,819 INFO start clear all config-info.

2023-01-10 10:12:53,822 WARN clear all config-info failed.

2023-01-10 10:12:53,823 WARN clear all config-info-tenant failed.

2023-01-10 10:12:53,995 INFO [all-dump] 582755081372315648 / 582755081372315648

2023-01-10 10:12:53,996 INFO start clear all config-info-beta.

2023-01-10 10:12:53,997 WARN clear all config-info-beta failed.

2023-01-10 10:12:53,998 WARN clear all config-info-beta-tenant failed.

2023-01-10 10:12:54,023 INFO start clear all config-info-tag.

2023-01-10 10:12:54,025 WARN clear all config-info-tag failed.

2023-01-10 10:12:54,026 WARN clear all config-info-tag-tenant failed.

2023-01-10 10:16:14,517 INFO notifyConnectTimeout:200

2023-01-10 10:16:14,549 INFO notifySocketTimeout:8000

2023-01-10 10:16:14,553 INFO isHealthCheck:true

2023-01-10 10:16:14,556 INFO maxHealthCheckFailCount:12

2023-01-10 10:16:14,575 INFO maxContent:10485760

2023-01-10 10:16:14,585 INFO spring.datasource.platform:""

2023-01-10 10:16:30,068 INFO use local db service for init

2023-01-10 10:16:31,816 WARN Lexical error at line 4, column 66.  Encountered: <EOF> after : "".

2023-01-10 10:16:31,829 WARN Syntax error: Encountered "*" at line 1, column 1.

2023-01-10 10:16:32,050 WARN Table/View 'CONFIG_INFO' already exists in Schema 'NACOS'.

2023-01-10 10:16:32,449 WARN Table/View 'HIS_CONFIG_INFO' already exists in Schema 'NACOS'.

2023-01-10 10:16:32,535 WARN Table/View 'CONFIG_INFO_BETA' already exists in Schema 'NACOS'.

2023-01-10 10:16:32,588 WARN Table/View 'CONFIG_INFO_TAG' already exists in Schema 'NACOS'.

2023-01-10 10:16:32,627 WARN Table/View 'CONFIG_INFO_AGGR' already exists in Schema 'NACOS'.

2023-01-10 10:16:32,658 WARN Table/View 'APP_LIST' already exists in Schema 'NACOS'.

2023-01-10 10:16:32,685 WARN Table/View 'APP_CONFIGDATA_RELATION_SUBS' already exists in Schema 'NACOS'.

2023-01-10 10:16:32,738 WARN Table/View 'APP_CONFIGDATA_RELATION_PUBS' already exists in Schema 'NACOS'.

2023-01-10 10:16:32,797 WARN Table/View 'CONFIG_TAGS_RELATION' already exists in Schema 'NACOS'.

2023-01-10 10:16:32,907 WARN Table/View 'GROUP_CAPACITY' already exists in Schema 'NACOS'.

2023-01-10 10:16:32,958 WARN Table/View 'TENANT_CAPACITY' already exists in Schema 'NACOS'.

2023-01-10 10:16:33,016 WARN Table/View 'TENANT_INFO' already exists in Schema 'NACOS'.

2023-01-10 10:16:33,078 WARN Table/View 'USERS' already exists in Schema 'NACOS'.

2023-01-10 10:16:33,140 WARN Table/View 'ROLES' already exists in Schema 'NACOS'.

2023-01-10 10:16:33,247 WARN Table/View 'PERMISSIONS' already exists in Schema 'NACOS'.

2023-01-10 10:16:33,608 WARN The statement was aborted because it would have caused a duplicate key value in a unique or primary key constraint or unique index identified by 'SQL221230104631840' defined on 'USERS'.

2023-01-10 10:16:33,629 WARN The statement was aborted because it would have caused a duplicate key value in a unique or primary key constraint or unique index identified by 'UK_USERNAME_ROLE' defined on 'ROLES'.

2023-01-10 10:16:33,633 WARN Lexical error at line 4, column 13.  Encountered: "`" (96), after : "".

2023-01-10 10:16:33,637 WARN Lexical error at line 1, column 13.  Encountered: "`" (96), after : "".

2023-01-10 10:16:33,640 WARN Lexical error at line 1, column 13.  Encountered: "`" (96), after : "".

2023-01-10 10:16:33,643 WARN Lexical error at line 1, column 13.  Encountered: "`" (96), after : "".

2023-01-10 10:16:33,644 INFO use StandaloneDatabaseOperateImpl

2023-01-10 10:16:35,013 WARN DumpService start

2023-01-10 10:16:35,024 INFO start clear all config-info.

2023-01-10 10:16:35,027 WARN clear all config-info failed.

2023-01-10 10:16:35,028 WARN clear all config-info-tenant failed.

2023-01-10 10:16:35,364 INFO [all-dump] 582755081372315648 / 582755081372315648

2023-01-10 10:16:35,366 INFO start clear all config-info-beta.

2023-01-10 10:16:35,368 WARN clear all config-info-beta failed.

2023-01-10 10:16:35,369 WARN clear all config-info-beta-tenant failed.

2023-01-10 10:16:35,434 INFO start clear all config-info-tag.

2023-01-10 10:16:35,437 WARN clear all config-info-tag failed.

2023-01-10 10:16:35,438 WARN clear all config-info-tag-tenant failed.

2023-01-10 10:20:01,745 INFO notifyConnectTimeout:200

2023-01-10 10:20:01,753 INFO notifySocketTimeout:8000

2023-01-10 10:20:01,754 INFO isHealthCheck:true

2023-01-10 10:20:01,755 INFO maxHealthCheckFailCount:12

2023-01-10 10:20:01,756 INFO maxContent:10485760

2023-01-10 10:20:01,758 INFO spring.datasource.platform:""

2023-01-10 10:20:10,918 INFO use local db service for init

2023-01-10 10:20:12,923 WARN Lexical error at line 4, column 66.  Encountered: <EOF> after : "".

2023-01-10 10:20:12,947 WARN Syntax error: Encountered "*" at line 1, column 1.

2023-01-10 10:20:13,136 WARN Table/View 'CONFIG_INFO' already exists in Schema 'NACOS'.

2023-01-10 10:20:13,295 WARN Table/View 'HIS_CONFIG_INFO' already exists in Schema 'NACOS'.

2023-01-10 10:20:13,352 WARN Table/View 'CONFIG_INFO_BETA' already exists in Schema 'NACOS'.

2023-01-10 10:20:13,377 WARN Table/View 'CONFIG_INFO_TAG' already exists in Schema 'NACOS'.

2023-01-10 10:20:13,409 WARN Table/View 'CONFIG_INFO_AGGR' already exists in Schema 'NACOS'.

2023-01-10 10:20:13,435 WARN Table/View 'APP_LIST' already exists in Schema 'NACOS'.

2023-01-10 10:20:13,462 WARN Table/View 'APP_CONFIGDATA_RELATION_SUBS' already exists in Schema 'NACOS'.

2023-01-10 10:20:13,483 WARN Table/View 'APP_CONFIGDATA_RELATION_PUBS' already exists in Schema 'NACOS'.

2023-01-10 10:20:13,504 WARN Table/View 'CONFIG_TAGS_RELATION' already exists in Schema 'NACOS'.

2023-01-10 10:20:13,536 WARN Table/View 'GROUP_CAPACITY' already exists in Schema 'NACOS'.

2023-01-10 10:20:13,556 WARN Table/View 'TENANT_CAPACITY' already exists in Schema 'NACOS'.

2023-01-10 10:20:13,573 WARN Table/View 'TENANT_INFO' already exists in Schema 'NACOS'.

2023-01-10 10:20:13,598 WARN Table/View 'USERS' already exists in Schema 'NACOS'.

2023-01-10 10:20:13,614 WARN Table/View 'ROLES' already exists in Schema 'NACOS'.

2023-01-10 10:20:13,629 WARN Table/View 'PERMISSIONS' already exists in Schema 'NACOS'.

2023-01-10 10:20:13,746 WARN The statement was aborted because it would have caused a duplicate key value in a unique or primary key constraint or unique index identified by 'SQL221230104631840' defined on 'USERS'.

2023-01-10 10:20:13,775 WARN The statement was aborted because it would have caused a duplicate key value in a unique or primary key constraint or unique index identified by 'UK_USERNAME_ROLE' defined on 'ROLES'.

2023-01-10 10:20:13,777 WARN Lexical error at line 4, column 13.  Encountered: "`" (96), after : "".

2023-01-10 10:20:13,778 WARN Lexical error at line 1, column 13.  Encountered: "`" (96), after : "".

2023-01-10 10:20:13,780 WARN Lexical error at line 1, column 13.  Encountered: "`" (96), after : "".

2023-01-10 10:20:13,781 WARN Lexical error at line 1, column 13.  Encountered: "`" (96), after : "".

2023-01-10 10:20:13,782 INFO use StandaloneDatabaseOperateImpl

2023-01-10 10:20:14,042 WARN DumpService start

2023-01-10 10:20:14,052 INFO start clear all config-info.

2023-01-10 10:20:14,055 WARN clear all config-info failed.

2023-01-10 10:20:14,056 WARN clear all config-info-tenant failed.

2023-01-10 10:20:14,476 INFO [all-dump] 582755081372315648 / 582755081372315648

2023-01-10 10:20:14,478 INFO start clear all config-info-beta.

2023-01-10 10:20:14,479 WARN clear all config-info-beta failed.

2023-01-10 10:20:14,480 WARN clear all config-info-beta-tenant failed.

2023-01-10 10:20:14,560 INFO start clear all config-info-tag.

2023-01-10 10:20:14,564 WARN clear all config-info-tag failed.

2023-01-10 10:20:14,566 WARN clear all config-info-tag-tenant failed.

