2023-01-10 09:51:57,246 INFO initializing Raft sub-system

2023-01-10 09:51:57,247 INFO Upgrade from 1X feature has closed, If you want open this feature, please set `nacos.core.support.upgrade.from.1x=true` in application.properties

2023-01-10 09:51:57,639 INFO add listener: com.alibaba.nacos.naming.domains.meta.

2023-01-10 09:52:01,022 INFO add listener: com.alibaba.nacos.naming.domains.meta.00-00---000-NACOS_SWITCH_DOMAIN-000---00-00

2023-01-10 09:52:02,209 WARN start to close old raft protocol!!!

2023-01-10 09:52:02,209 WARN stop old raft protocol task for notifier

2023-01-10 09:52:02,209 WARN clean old cache datum for old raft

2023-01-10 09:52:02,209 WARN start to move old raft protocol metadata

2023-01-10 10:04:41,399 INFO initializing Raft sub-system

2023-01-10 10:04:41,400 INFO Upgrade from 1X feature has closed, If you want open this feature, please set `nacos.core.support.upgrade.from.1x=true` in application.properties

2023-01-10 10:04:41,817 INFO add listener: com.alibaba.nacos.naming.domains.meta.

2023-01-10 10:04:44,376 INFO add listener: com.alibaba.nacos.naming.domains.meta.00-00---000-NACOS_SWITCH_DOMAIN-000---00-00

2023-01-10 10:04:46,378 WARN start to close old raft protocol!!!

2023-01-10 10:04:46,378 WARN stop old raft protocol task for notifier

2023-01-10 10:04:46,379 WARN clean old cache datum for old raft

2023-01-10 10:04:46,379 WARN start to move old raft protocol metadata

2023-01-10 10:07:51,999 INFO initializing Raft sub-system

2023-01-10 10:07:51,999 INFO Upgrade from 1X feature has closed, If you want open this feature, please set `nacos.core.support.upgrade.from.1x=true` in application.properties

2023-01-10 10:07:52,232 INFO add listener: com.alibaba.nacos.naming.domains.meta.

2023-01-10 10:07:55,006 INFO add listener: com.alibaba.nacos.naming.domains.meta.00-00---000-NACOS_SWITCH_DOMAIN-000---00-00

2023-01-10 10:07:57,287 WARN start to close old raft protocol!!!

2023-01-10 10:07:57,287 WARN stop old raft protocol task for notifier

2023-01-10 10:07:57,288 WARN clean old cache datum for old raft

2023-01-10 10:07:57,288 WARN start to move old raft protocol metadata

2023-01-10 10:10:14,739 INFO initializing Raft sub-system

2023-01-10 10:10:14,739 INFO Upgrade from 1X feature has closed, If you want open this feature, please set `nacos.core.support.upgrade.from.1x=true` in application.properties

2023-01-10 10:10:15,317 INFO add listener: com.alibaba.nacos.naming.domains.meta.

2023-01-10 10:10:19,180 INFO add listener: com.alibaba.nacos.naming.domains.meta.00-00---000-NACOS_SWITCH_DOMAIN-000---00-00

2023-01-10 10:10:19,734 WARN start to close old raft protocol!!!

2023-01-10 10:10:19,734 WARN stop old raft protocol task for notifier

2023-01-10 10:10:19,734 WARN clean old cache datum for old raft

2023-01-10 10:10:19,735 WARN start to move old raft protocol metadata

2023-01-10 10:12:51,199 INFO initializing Raft sub-system

2023-01-10 10:12:51,200 INFO Upgrade from 1X feature has closed, If you want open this feature, please set `nacos.core.support.upgrade.from.1x=true` in application.properties

2023-01-10 10:12:51,557 INFO add listener: com.alibaba.nacos.naming.domains.meta.

2023-01-10 10:12:53,735 INFO add listener: com.alibaba.nacos.naming.domains.meta.00-00---000-NACOS_SWITCH_DOMAIN-000---00-00

2023-01-10 10:12:56,142 WARN start to close old raft protocol!!!

2023-01-10 10:12:56,142 WARN stop old raft protocol task for notifier

2023-01-10 10:12:56,142 WARN clean old cache datum for old raft

2023-01-10 10:12:56,143 WARN start to move old raft protocol metadata

2023-01-10 10:16:28,198 INFO initializing Raft sub-system

2023-01-10 10:16:28,200 INFO Upgrade from 1X feature has closed, If you want open this feature, please set `nacos.core.support.upgrade.from.1x=true` in application.properties

2023-01-10 10:16:28,717 INFO add listener: com.alibaba.nacos.naming.domains.meta.

2023-01-10 10:16:33,161 WARN start to close old raft protocol!!!

2023-01-10 10:16:33,162 WARN stop old raft protocol task for notifier

2023-01-10 10:16:33,162 WARN clean old cache datum for old raft

2023-01-10 10:16:33,165 WARN start to move old raft protocol metadata

2023-01-10 10:16:33,712 INFO add listener: com.alibaba.nacos.naming.domains.meta.00-00---000-NACOS_SWITCH_DOMAIN-000---00-00

2023-01-10 10:20:09,606 INFO initializing Raft sub-system

2023-01-10 10:20:09,606 INFO Upgrade from 1X feature has closed, If you want open this feature, please set `nacos.core.support.upgrade.from.1x=true` in application.properties

2023-01-10 10:20:09,905 INFO add listener: com.alibaba.nacos.naming.domains.meta.

2023-01-10 10:20:13,836 INFO add listener: com.alibaba.nacos.naming.domains.meta.00-00---000-NACOS_SWITCH_DOMAIN-000---00-00

2023-01-10 10:20:14,575 WARN start to close old raft protocol!!!

2023-01-10 10:20:14,575 WARN stop old raft protocol task for notifier

2023-01-10 10:20:14,576 WARN clean old cache datum for old raft

2023-01-10 10:20:14,576 WARN start to move old raft protocol metadata

