2023-01-10 09:52:01,093 INFO [ClientConnectionEventListenerRegistry] registry listener - ConnectionBasedClientManager

2023-01-10 09:52:02,335 INFO Init loader limit rule from local,rule=

2023-01-10 09:52:02,648 INFO [ClientConnectionEventListenerRegistry] registry listener - ConfigConnectionEventListener

2023-01-10 09:52:02,698 INFO [ClientConnectionEventListenerRegistry] registry listener - RpcAckCallbackInitorOrCleaner

2023-01-10 09:52:02,997 INFO Nacos GrpcSdkServer Rpc server starting at port 9848

2023-01-10 09:52:04,461 INFO Nacos GrpcSdkServer Rpc server started at port 9848

2023-01-10 09:52:04,472 INFO Nacos GrpcClusterServer Rpc server starting at port 9849

2023-01-10 09:52:04,484 INFO Nacos GrpcClusterServer Rpc server started at port 9849

2023-01-10 10:04:19,554 INFO Nacos GrpcSdkServer Rpc server stopping

2023-01-10 10:04:19,596 INFO Nacos GrpcSdkServer Rpc server stopped successfully...

2023-01-10 10:04:19,567 INFO Nacos GrpcClusterServer Rpc server stopping

2023-01-10 10:04:19,602 INFO Nacos GrpcClusterServer Rpc server stopped successfully...

2023-01-10 10:04:44,491 INFO [ClientConnectionEventListenerRegistry] registry listener - ConnectionBasedClientManager

2023-01-10 10:04:45,809 INFO Init loader limit rule from local,rule=

2023-01-10 10:04:46,067 INFO [ClientConnectionEventListenerRegistry] registry listener - ConfigConnectionEventListener

2023-01-10 10:04:46,184 INFO [ClientConnectionEventListenerRegistry] registry listener - RpcAckCallbackInitorOrCleaner

2023-01-10 10:04:46,618 INFO Nacos GrpcSdkServer Rpc server starting at port 9848

2023-01-10 10:04:47,581 INFO Nacos GrpcSdkServer Rpc server started at port 9848

2023-01-10 10:04:47,586 INFO Nacos GrpcClusterServer Rpc server starting at port 9849

2023-01-10 10:04:47,605 INFO Nacos GrpcClusterServer Rpc server started at port 9849

2023-01-10 10:07:21,489 INFO Nacos GrpcSdkServer Rpc server stopping

2023-01-10 10:07:21,495 INFO Nacos GrpcClusterServer Rpc server stopping

2023-01-10 10:07:21,555 INFO Nacos GrpcSdkServer Rpc server stopped successfully...

2023-01-10 10:07:21,561 INFO Nacos GrpcClusterServer Rpc server stopped successfully...

2023-01-10 10:07:55,051 INFO [ClientConnectionEventListenerRegistry] registry listener - ConnectionBasedClientManager

2023-01-10 10:07:55,896 INFO Init loader limit rule from local,rule=

2023-01-10 10:07:56,168 INFO [ClientConnectionEventListenerRegistry] registry listener - ConfigConnectionEventListener

2023-01-10 10:07:56,311 INFO [ClientConnectionEventListenerRegistry] registry listener - RpcAckCallbackInitorOrCleaner

2023-01-10 10:07:56,668 INFO Nacos GrpcSdkServer Rpc server starting at port 9848

2023-01-10 10:07:57,576 INFO Nacos GrpcSdkServer Rpc server started at port 9848

2023-01-10 10:07:57,581 INFO Nacos GrpcClusterServer Rpc server starting at port 9849

2023-01-10 10:07:57,585 INFO Nacos GrpcClusterServer Rpc server started at port 9849

2023-01-10 10:09:06,981 INFO Nacos GrpcSdkServer Rpc server stopping

2023-01-10 10:09:06,968 INFO Nacos GrpcClusterServer Rpc server stopping

2023-01-10 10:09:07,013 INFO Nacos GrpcClusterServer Rpc server stopped successfully...

2023-01-10 10:09:07,015 INFO Nacos GrpcSdkServer Rpc server stopped successfully...

2023-01-10 10:10:19,246 INFO [ClientConnectionEventListenerRegistry] registry listener - ConnectionBasedClientManager

2023-01-10 10:10:20,149 INFO Init loader limit rule from local,rule=

2023-01-10 10:10:20,424 INFO [ClientConnectionEventListenerRegistry] registry listener - ConfigConnectionEventListener

2023-01-10 10:10:20,538 INFO [ClientConnectionEventListenerRegistry] registry listener - RpcAckCallbackInitorOrCleaner

2023-01-10 10:10:20,917 INFO Nacos GrpcSdkServer Rpc server starting at port 9848

2023-01-10 10:10:22,141 INFO Nacos GrpcSdkServer Rpc server started at port 9848

2023-01-10 10:10:22,149 INFO Nacos GrpcClusterServer Rpc server starting at port 9849

2023-01-10 10:10:22,163 INFO Nacos GrpcClusterServer Rpc server started at port 9849

2023-01-10 10:10:50,456 INFO Nacos GrpcClusterServer Rpc server stopping

2023-01-10 10:10:50,455 INFO Nacos GrpcSdkServer Rpc server stopping

2023-01-10 10:10:50,477 INFO Nacos GrpcClusterServer Rpc server stopped successfully...

2023-01-10 10:10:50,488 INFO Nacos GrpcSdkServer Rpc server stopped successfully...

2023-01-10 10:12:53,768 INFO [ClientConnectionEventListenerRegistry] registry listener - ConnectionBasedClientManager

2023-01-10 10:12:54,166 INFO Init loader limit rule from local,rule=

2023-01-10 10:12:54,269 INFO [ClientConnectionEventListenerRegistry] registry listener - ConfigConnectionEventListener

2023-01-10 10:12:54,317 INFO [ClientConnectionEventListenerRegistry] registry listener - RpcAckCallbackInitorOrCleaner

2023-01-10 10:12:54,578 INFO Nacos GrpcSdkServer Rpc server starting at port 9848

2023-01-10 10:12:55,819 INFO Nacos GrpcSdkServer Rpc server started at port 9848

2023-01-10 10:12:55,824 INFO Nacos GrpcClusterServer Rpc server starting at port 9849

2023-01-10 10:12:55,828 INFO Nacos GrpcClusterServer Rpc server started at port 9849

2023-01-10 10:15:31,218 INFO Nacos GrpcClusterServer Rpc server stopping

2023-01-10 10:15:31,212 INFO Nacos GrpcSdkServer Rpc server stopping

2023-01-10 10:15:31,239 INFO Nacos GrpcSdkServer Rpc server stopped successfully...

2023-01-10 10:15:31,239 INFO Nacos GrpcClusterServer Rpc server stopped successfully...

2023-01-10 10:16:34,930 INFO [ClientConnectionEventListenerRegistry] registry listener - ConnectionBasedClientManager

2023-01-10 10:16:36,040 INFO Init loader limit rule from local,rule=

2023-01-10 10:16:36,247 INFO [ClientConnectionEventListenerRegistry] registry listener - ConfigConnectionEventListener

2023-01-10 10:16:36,346 INFO [ClientConnectionEventListenerRegistry] registry listener - RpcAckCallbackInitorOrCleaner

2023-01-10 10:16:36,634 INFO Nacos GrpcSdkServer Rpc server starting at port 9848

2023-01-10 10:16:37,072 INFO Nacos GrpcSdkServer Rpc server started at port 9848

2023-01-10 10:16:37,077 INFO Nacos GrpcClusterServer Rpc server starting at port 9849

2023-01-10 10:16:37,086 INFO Nacos GrpcClusterServer Rpc server started at port 9849

2023-01-10 10:20:13,929 INFO [ClientConnectionEventListenerRegistry] registry listener - ConnectionBasedClientManager

2023-01-10 10:20:15,358 INFO Init loader limit rule from local,rule=

2023-01-10 10:20:15,811 INFO [ClientConnectionEventListenerRegistry] registry listener - ConfigConnectionEventListener

2023-01-10 10:20:16,066 INFO [ClientConnectionEventListenerRegistry] registry listener - RpcAckCallbackInitorOrCleaner

2023-01-10 10:20:16,567 INFO Nacos GrpcSdkServer Rpc server starting at port 9848

2023-01-10 10:20:17,754 INFO Nacos GrpcSdkServer Rpc server started at port 9848

2023-01-10 10:20:17,758 INFO Nacos GrpcClusterServer Rpc server starting at port 9849

2023-01-10 10:20:17,773 INFO Nacos GrpcClusterServer Rpc server started at port 9849

