2023-01-10 09:52:02,567 INFO Register tps control,pointName=CONFIG_PUSH_COUNT, point=com.alibaba.nacos.core.remote.control.TpsMonitorPoint@3abada5a 

2023-01-10 09:52:02,617 INFO Load rule from local,pointName=CONFIG_PUSH_COUNT, ruleContent= 

2023-01-10 09:52:02,622 INFO Apply tps control rule parse start,pointName=[CONFIG_PUSH_COUNT]  

2023-01-10 09:52:02,623 INFO Clear point  control rule ,pointName=[CONFIG_PUSH_COUNT]  

2023-01-10 09:52:02,625 INFO Clear point  control rule for monitorKeys, pointName=[CONFIG_PUSH_COUNT]  

2023-01-10 09:52:02,628 INFO Register tps control,pointName=CONFIG_PUSH_SUCCESS, point=com.alibaba.nacos.core.remote.control.TpsMonitorPoint@66c61024 

2023-01-10 09:52:02,630 INFO Load rule from local,pointName=CONFIG_PUSH_SUCCESS, ruleContent= 

2023-01-10 09:52:02,631 INFO Apply tps control rule parse start,pointName=[CONFIG_PUSH_SUCCESS]  

2023-01-10 09:52:02,632 INFO Clear point  control rule ,pointName=[CONFIG_PUSH_SUCCESS]  

2023-01-10 09:52:02,635 INFO Clear point  control rule for monitorKeys, pointName=[CONFIG_PUSH_SUCCESS]  

2023-01-10 09:52:02,637 INFO Register tps control,pointName=CONFIG_PUSH_FAIL, point=com.alibaba.nacos.core.remote.control.TpsMonitorPoint@61fe30 

2023-01-10 09:52:02,638 INFO Load rule from local,pointName=CONFIG_PUSH_FAIL, ruleContent= 

2023-01-10 09:52:02,639 INFO Apply tps control rule parse start,pointName=[CONFIG_PUSH_FAIL]  

2023-01-10 09:52:02,640 INFO Clear point  control rule ,pointName=[CONFIG_PUSH_FAIL]  

2023-01-10 09:52:02,641 INFO Clear point  control rule for monitorKeys, pointName=[CONFIG_PUSH_FAIL]  

2023-01-10 09:52:10,211 INFO Register tps control,pointName=ConfigQuery, point=com.alibaba.nacos.core.remote.control.TpsMonitorPoint@1e044120 

2023-01-10 09:52:10,216 INFO Load rule from local,pointName=ConfigQuery, ruleContent= 

2023-01-10 09:52:10,225 INFO Apply tps control rule parse start,pointName=[ConfigQuery]  

2023-01-10 09:52:10,235 INFO Clear point  control rule ,pointName=[ConfigQuery]  

2023-01-10 09:52:10,237 INFO Clear point  control rule for monitorKeys, pointName=[ConfigQuery]  

2023-01-10 09:52:10,241 INFO Register tps control,pointName=ClusterConfigChangeNotify, point=com.alibaba.nacos.core.remote.control.TpsMonitorPoint@2cf23c81 

2023-01-10 09:52:10,243 INFO Load rule from local,pointName=ClusterConfigChangeNotify, ruleContent= 

2023-01-10 09:52:10,249 INFO Apply tps control rule parse start,pointName=[ClusterConfigChangeNotify]  

2023-01-10 09:52:10,252 INFO Clear point  control rule ,pointName=[ClusterConfigChangeNotify]  

2023-01-10 09:52:10,253 INFO Clear point  control rule for monitorKeys, pointName=[ClusterConfigChangeNotify]  

2023-01-10 09:52:10,256 INFO Register tps control,pointName=ConfigListen, point=com.alibaba.nacos.core.remote.control.TpsMonitorPoint@3624da92 

2023-01-10 09:52:10,258 INFO Load rule from local,pointName=ConfigListen, ruleContent= 

2023-01-10 09:52:10,259 INFO Apply tps control rule parse start,pointName=[ConfigListen]  

2023-01-10 09:52:10,261 INFO Clear point  control rule ,pointName=[ConfigListen]  

2023-01-10 09:52:10,262 INFO Clear point  control rule for monitorKeys, pointName=[ConfigListen]  

2023-01-10 09:52:10,264 INFO Register tps control,pointName=ConfigRemove, point=com.alibaba.nacos.core.remote.control.TpsMonitorPoint@94f6bfb 

2023-01-10 09:52:10,266 INFO Load rule from local,pointName=ConfigRemove, ruleContent= 

2023-01-10 09:52:10,267 INFO Apply tps control rule parse start,pointName=[ConfigRemove]  

2023-01-10 09:52:10,279 INFO Clear point  control rule ,pointName=[ConfigRemove]  

2023-01-10 09:52:10,281 INFO Clear point  control rule for monitorKeys, pointName=[ConfigRemove]  

2023-01-10 09:52:10,284 INFO Register tps control,pointName=ConfigPublish, point=com.alibaba.nacos.core.remote.control.TpsMonitorPoint@34645867 

2023-01-10 09:52:10,285 INFO Load rule from local,pointName=ConfigPublish, ruleContent= 

2023-01-10 09:52:10,286 INFO Apply tps control rule parse start,pointName=[ConfigPublish]  

2023-01-10 09:52:10,287 INFO Clear point  control rule ,pointName=[ConfigPublish]  

2023-01-10 09:52:10,289 INFO Clear point  control rule for monitorKeys, pointName=[ConfigPublish]  

2023-01-10 09:52:10,290 INFO Register tps control,pointName=HealthCheck, point=com.alibaba.nacos.core.remote.control.TpsMonitorPoint@2484f433 

2023-01-10 09:52:10,291 INFO Load rule from local,pointName=HealthCheck, ruleContent= 

2023-01-10 09:52:10,292 INFO Apply tps control rule parse start,pointName=[HealthCheck]  

2023-01-10 09:52:10,293 INFO Clear point  control rule ,pointName=[HealthCheck]  

2023-01-10 09:52:10,294 INFO Clear point  control rule for monitorKeys, pointName=[HealthCheck]  

2023-01-10 10:04:46,042 INFO Register tps control,pointName=CONFIG_PUSH_COUNT, point=com.alibaba.nacos.core.remote.control.TpsMonitorPoint@7b420819 

2023-01-10 10:04:46,044 INFO Load rule from local,pointName=CONFIG_PUSH_COUNT, ruleContent= 

2023-01-10 10:04:46,047 INFO Apply tps control rule parse start,pointName=[CONFIG_PUSH_COUNT]  

2023-01-10 10:04:46,048 INFO Clear point  control rule ,pointName=[CONFIG_PUSH_COUNT]  

2023-01-10 10:04:46,050 INFO Clear point  control rule for monitorKeys, pointName=[CONFIG_PUSH_COUNT]  

2023-01-10 10:04:46,051 INFO Register tps control,pointName=CONFIG_PUSH_SUCCESS, point=com.alibaba.nacos.core.remote.control.TpsMonitorPoint@7a1a14a4 

2023-01-10 10:04:46,053 INFO Load rule from local,pointName=CONFIG_PUSH_SUCCESS, ruleContent= 

2023-01-10 10:04:46,054 INFO Apply tps control rule parse start,pointName=[CONFIG_PUSH_SUCCESS]  

2023-01-10 10:04:46,056 INFO Clear point  control rule ,pointName=[CONFIG_PUSH_SUCCESS]  

2023-01-10 10:04:46,057 INFO Clear point  control rule for monitorKeys, pointName=[CONFIG_PUSH_SUCCESS]  

2023-01-10 10:04:46,058 INFO Register tps control,pointName=CONFIG_PUSH_FAIL, point=com.alibaba.nacos.core.remote.control.TpsMonitorPoint@265adfad 

2023-01-10 10:04:46,059 INFO Load rule from local,pointName=CONFIG_PUSH_FAIL, ruleContent= 

2023-01-10 10:04:46,060 INFO Apply tps control rule parse start,pointName=[CONFIG_PUSH_FAIL]  

2023-01-10 10:04:46,061 INFO Clear point  control rule ,pointName=[CONFIG_PUSH_FAIL]  

2023-01-10 10:04:46,063 INFO Clear point  control rule for monitorKeys, pointName=[CONFIG_PUSH_FAIL]  

2023-01-10 10:04:53,757 INFO Register tps control,pointName=ConfigQuery, point=com.alibaba.nacos.core.remote.control.TpsMonitorPoint@35fe2125 

2023-01-10 10:04:53,762 INFO Load rule from local,pointName=ConfigQuery, ruleContent= 

2023-01-10 10:04:53,763 INFO Apply tps control rule parse start,pointName=[ConfigQuery]  

2023-01-10 10:04:53,764 INFO Clear point  control rule ,pointName=[ConfigQuery]  

2023-01-10 10:04:53,765 INFO Clear point  control rule for monitorKeys, pointName=[ConfigQuery]  

2023-01-10 10:04:53,767 INFO Register tps control,pointName=ClusterConfigChangeNotify, point=com.alibaba.nacos.core.remote.control.TpsMonitorPoint@94f6bfb 

2023-01-10 10:04:53,768 INFO Load rule from local,pointName=ClusterConfigChangeNotify, ruleContent= 

2023-01-10 10:04:53,769 INFO Apply tps control rule parse start,pointName=[ClusterConfigChangeNotify]  

2023-01-10 10:04:53,770 INFO Clear point  control rule ,pointName=[ClusterConfigChangeNotify]  

2023-01-10 10:04:53,771 INFO Clear point  control rule for monitorKeys, pointName=[ClusterConfigChangeNotify]  

2023-01-10 10:04:53,773 INFO Register tps control,pointName=ConfigListen, point=com.alibaba.nacos.core.remote.control.TpsMonitorPoint@34645867 

2023-01-10 10:04:53,774 INFO Load rule from local,pointName=ConfigListen, ruleContent= 

2023-01-10 10:04:53,776 INFO Apply tps control rule parse start,pointName=[ConfigListen]  

2023-01-10 10:04:53,777 INFO Clear point  control rule ,pointName=[ConfigListen]  

2023-01-10 10:04:53,777 INFO Clear point  control rule for monitorKeys, pointName=[ConfigListen]  

2023-01-10 10:04:53,779 INFO Register tps control,pointName=ConfigRemove, point=com.alibaba.nacos.core.remote.control.TpsMonitorPoint@60b71e8f 

2023-01-10 10:04:53,780 INFO Load rule from local,pointName=ConfigRemove, ruleContent= 

2023-01-10 10:04:53,782 INFO Apply tps control rule parse start,pointName=[ConfigRemove]  

2023-01-10 10:04:53,784 INFO Clear point  control rule ,pointName=[ConfigRemove]  

2023-01-10 10:04:53,785 INFO Clear point  control rule for monitorKeys, pointName=[ConfigRemove]  

2023-01-10 10:04:53,787 INFO Register tps control,pointName=ConfigPublish, point=com.alibaba.nacos.core.remote.control.TpsMonitorPoint@1255b1d1 

2023-01-10 10:04:53,788 INFO Load rule from local,pointName=ConfigPublish, ruleContent= 

2023-01-10 10:04:53,789 INFO Apply tps control rule parse start,pointName=[ConfigPublish]  

2023-01-10 10:04:53,790 INFO Clear point  control rule ,pointName=[ConfigPublish]  

2023-01-10 10:04:53,792 INFO Clear point  control rule for monitorKeys, pointName=[ConfigPublish]  

2023-01-10 10:04:53,793 INFO Register tps control,pointName=HealthCheck, point=com.alibaba.nacos.core.remote.control.TpsMonitorPoint@464649c 

2023-01-10 10:04:53,794 INFO Load rule from local,pointName=HealthCheck, ruleContent= 

2023-01-10 10:04:53,795 INFO Apply tps control rule parse start,pointName=[HealthCheck]  

2023-01-10 10:04:53,796 INFO Clear point  control rule ,pointName=[HealthCheck]  

2023-01-10 10:04:53,799 INFO Clear point  control rule for monitorKeys, pointName=[HealthCheck]  

2023-01-10 10:07:56,123 INFO Register tps control,pointName=CONFIG_PUSH_COUNT, point=com.alibaba.nacos.core.remote.control.TpsMonitorPoint@5f9be66c 

2023-01-10 10:07:56,132 INFO Load rule from local,pointName=CONFIG_PUSH_COUNT, ruleContent= 

2023-01-10 10:07:56,135 INFO Apply tps control rule parse start,pointName=[CONFIG_PUSH_COUNT]  

2023-01-10 10:07:56,138 INFO Clear point  control rule ,pointName=[CONFIG_PUSH_COUNT]  

2023-01-10 10:07:56,141 INFO Clear point  control rule for monitorKeys, pointName=[CONFIG_PUSH_COUNT]  

2023-01-10 10:07:56,145 INFO Register tps control,pointName=CONFIG_PUSH_SUCCESS, point=com.alibaba.nacos.core.remote.control.TpsMonitorPoint@3abada5a 

2023-01-10 10:07:56,148 INFO Load rule from local,pointName=CONFIG_PUSH_SUCCESS, ruleContent= 

2023-01-10 10:07:56,151 INFO Apply tps control rule parse start,pointName=[CONFIG_PUSH_SUCCESS]  

2023-01-10 10:07:56,156 INFO Clear point  control rule ,pointName=[CONFIG_PUSH_SUCCESS]  

2023-01-10 10:07:56,158 INFO Clear point  control rule for monitorKeys, pointName=[CONFIG_PUSH_SUCCESS]  

2023-01-10 10:07:56,161 INFO Register tps control,pointName=CONFIG_PUSH_FAIL, point=com.alibaba.nacos.core.remote.control.TpsMonitorPoint@66c61024 

2023-01-10 10:07:56,162 INFO Load rule from local,pointName=CONFIG_PUSH_FAIL, ruleContent= 

2023-01-10 10:07:56,163 INFO Apply tps control rule parse start,pointName=[CONFIG_PUSH_FAIL]  

2023-01-10 10:07:56,164 INFO Clear point  control rule ,pointName=[CONFIG_PUSH_FAIL]  

2023-01-10 10:07:56,164 INFO Clear point  control rule for monitorKeys, pointName=[CONFIG_PUSH_FAIL]  

2023-01-10 10:08:04,248 INFO Register tps control,pointName=ConfigQuery, point=com.alibaba.nacos.core.remote.control.TpsMonitorPoint@533b266e 

2023-01-10 10:08:04,250 INFO Load rule from local,pointName=ConfigQuery, ruleContent= 

2023-01-10 10:08:04,251 INFO Apply tps control rule parse start,pointName=[ConfigQuery]  

2023-01-10 10:08:04,252 INFO Clear point  control rule ,pointName=[ConfigQuery]  

2023-01-10 10:08:04,252 INFO Clear point  control rule for monitorKeys, pointName=[ConfigQuery]  

2023-01-10 10:08:04,253 INFO Register tps control,pointName=ClusterConfigChangeNotify, point=com.alibaba.nacos.core.remote.control.TpsMonitorPoint@6d1d4d7 

2023-01-10 10:08:04,254 INFO Load rule from local,pointName=ClusterConfigChangeNotify, ruleContent= 

2023-01-10 10:08:04,255 INFO Apply tps control rule parse start,pointName=[ClusterConfigChangeNotify]  

2023-01-10 10:08:04,256 INFO Clear point  control rule ,pointName=[ClusterConfigChangeNotify]  

2023-01-10 10:08:04,256 INFO Clear point  control rule for monitorKeys, pointName=[ClusterConfigChangeNotify]  

2023-01-10 10:08:04,257 INFO Register tps control,pointName=ConfigListen, point=com.alibaba.nacos.core.remote.control.TpsMonitorPoint@89ff02e 

2023-01-10 10:08:04,258 INFO Load rule from local,pointName=ConfigListen, ruleContent= 

2023-01-10 10:08:04,259 INFO Apply tps control rule parse start,pointName=[ConfigListen]  

2023-01-10 10:08:04,260 INFO Clear point  control rule ,pointName=[ConfigListen]  

2023-01-10 10:08:04,261 INFO Clear point  control rule for monitorKeys, pointName=[ConfigListen]  

2023-01-10 10:08:04,263 INFO Register tps control,pointName=ConfigRemove, point=com.alibaba.nacos.core.remote.control.TpsMonitorPoint@62679465 

2023-01-10 10:08:04,264 INFO Load rule from local,pointName=ConfigRemove, ruleContent= 

2023-01-10 10:08:04,267 INFO Apply tps control rule parse start,pointName=[ConfigRemove]  

2023-01-10 10:08:04,267 INFO Clear point  control rule ,pointName=[ConfigRemove]  

2023-01-10 10:08:04,269 INFO Clear point  control rule for monitorKeys, pointName=[ConfigRemove]  

2023-01-10 10:08:04,270 INFO Register tps control,pointName=ConfigPublish, point=com.alibaba.nacos.core.remote.control.TpsMonitorPoint@6a988392 

2023-01-10 10:08:04,272 INFO Load rule from local,pointName=ConfigPublish, ruleContent= 

2023-01-10 10:08:04,273 INFO Apply tps control rule parse start,pointName=[ConfigPublish]  

2023-01-10 10:08:04,274 INFO Clear point  control rule ,pointName=[ConfigPublish]  

2023-01-10 10:08:04,275 INFO Clear point  control rule for monitorKeys, pointName=[ConfigPublish]  

2023-01-10 10:08:04,277 INFO Register tps control,pointName=HealthCheck, point=com.alibaba.nacos.core.remote.control.TpsMonitorPoint@1d71006f 

2023-01-10 10:08:04,278 INFO Load rule from local,pointName=HealthCheck, ruleContent= 

2023-01-10 10:08:04,281 INFO Apply tps control rule parse start,pointName=[HealthCheck]  

2023-01-10 10:08:04,283 INFO Clear point  control rule ,pointName=[HealthCheck]  

2023-01-10 10:08:04,285 INFO Clear point  control rule for monitorKeys, pointName=[HealthCheck]  

2023-01-10 10:10:20,404 INFO Register tps control,pointName=CONFIG_PUSH_COUNT, point=com.alibaba.nacos.core.remote.control.TpsMonitorPoint@66c61024 

2023-01-10 10:10:20,409 INFO Load rule from local,pointName=CONFIG_PUSH_COUNT, ruleContent= 

2023-01-10 10:10:20,410 INFO Apply tps control rule parse start,pointName=[CONFIG_PUSH_COUNT]  

2023-01-10 10:10:20,411 INFO Clear point  control rule ,pointName=[CONFIG_PUSH_COUNT]  

2023-01-10 10:10:20,413 INFO Clear point  control rule for monitorKeys, pointName=[CONFIG_PUSH_COUNT]  

2023-01-10 10:10:20,414 INFO Register tps control,pointName=CONFIG_PUSH_SUCCESS, point=com.alibaba.nacos.core.remote.control.TpsMonitorPoint@61fe30 

2023-01-10 10:10:20,414 INFO Load rule from local,pointName=CONFIG_PUSH_SUCCESS, ruleContent= 

2023-01-10 10:10:20,415 INFO Apply tps control rule parse start,pointName=[CONFIG_PUSH_SUCCESS]  

2023-01-10 10:10:20,416 INFO Clear point  control rule ,pointName=[CONFIG_PUSH_SUCCESS]  

2023-01-10 10:10:20,417 INFO Clear point  control rule for monitorKeys, pointName=[CONFIG_PUSH_SUCCESS]  

2023-01-10 10:10:20,418 INFO Register tps control,pointName=CONFIG_PUSH_FAIL, point=com.alibaba.nacos.core.remote.control.TpsMonitorPoint@c9d0d6 

2023-01-10 10:10:20,419 INFO Load rule from local,pointName=CONFIG_PUSH_FAIL, ruleContent= 

2023-01-10 10:10:20,419 INFO Apply tps control rule parse start,pointName=[CONFIG_PUSH_FAIL]  

2023-01-10 10:10:20,420 INFO Clear point  control rule ,pointName=[CONFIG_PUSH_FAIL]  

2023-01-10 10:10:20,421 INFO Clear point  control rule for monitorKeys, pointName=[CONFIG_PUSH_FAIL]  

2023-01-10 10:10:27,394 INFO Register tps control,pointName=ConfigQuery, point=com.alibaba.nacos.core.remote.control.TpsMonitorPoint@6d1d4d7 

2023-01-10 10:10:27,405 INFO Load rule from local,pointName=ConfigQuery, ruleContent= 

2023-01-10 10:10:27,408 INFO Apply tps control rule parse start,pointName=[ConfigQuery]  

2023-01-10 10:10:27,411 INFO Clear point  control rule ,pointName=[ConfigQuery]  

2023-01-10 10:10:27,414 INFO Clear point  control rule for monitorKeys, pointName=[ConfigQuery]  

2023-01-10 10:10:27,417 INFO Register tps control,pointName=ClusterConfigChangeNotify, point=com.alibaba.nacos.core.remote.control.TpsMonitorPoint@89ff02e 

2023-01-10 10:10:27,423 INFO Load rule from local,pointName=ClusterConfigChangeNotify, ruleContent= 

2023-01-10 10:10:27,426 INFO Apply tps control rule parse start,pointName=[ClusterConfigChangeNotify]  

2023-01-10 10:10:27,429 INFO Clear point  control rule ,pointName=[ClusterConfigChangeNotify]  

2023-01-10 10:10:27,432 INFO Clear point  control rule for monitorKeys, pointName=[ClusterConfigChangeNotify]  

2023-01-10 10:10:27,433 INFO Register tps control,pointName=ConfigListen, point=com.alibaba.nacos.core.remote.control.TpsMonitorPoint@6865c751 

2023-01-10 10:10:27,436 INFO Load rule from local,pointName=ConfigListen, ruleContent= 

2023-01-10 10:10:27,437 INFO Apply tps control rule parse start,pointName=[ConfigListen]  

2023-01-10 10:10:27,437 INFO Clear point  control rule ,pointName=[ConfigListen]  

2023-01-10 10:10:27,438 INFO Clear point  control rule for monitorKeys, pointName=[ConfigListen]  

2023-01-10 10:10:27,439 INFO Register tps control,pointName=ConfigRemove, point=com.alibaba.nacos.core.remote.control.TpsMonitorPoint@6a988392 

2023-01-10 10:10:27,442 INFO Load rule from local,pointName=ConfigRemove, ruleContent= 

2023-01-10 10:10:27,443 INFO Apply tps control rule parse start,pointName=[ConfigRemove]  

2023-01-10 10:10:27,444 INFO Clear point  control rule ,pointName=[ConfigRemove]  

2023-01-10 10:10:27,444 INFO Clear point  control rule for monitorKeys, pointName=[ConfigRemove]  

2023-01-10 10:10:27,445 INFO Register tps control,pointName=ConfigPublish, point=com.alibaba.nacos.core.remote.control.TpsMonitorPoint@1d71006f 

2023-01-10 10:10:27,446 INFO Load rule from local,pointName=ConfigPublish, ruleContent= 

2023-01-10 10:10:27,448 INFO Apply tps control rule parse start,pointName=[ConfigPublish]  

2023-01-10 10:10:27,448 INFO Clear point  control rule ,pointName=[ConfigPublish]  

2023-01-10 10:10:27,449 INFO Clear point  control rule for monitorKeys, pointName=[ConfigPublish]  

2023-01-10 10:10:27,450 INFO Register tps control,pointName=HealthCheck, point=com.alibaba.nacos.core.remote.control.TpsMonitorPoint@5b6813df 

2023-01-10 10:10:27,453 INFO Load rule from local,pointName=HealthCheck, ruleContent= 

2023-01-10 10:10:27,457 INFO Apply tps control rule parse start,pointName=[HealthCheck]  

2023-01-10 10:10:27,458 INFO Clear point  control rule ,pointName=[HealthCheck]  

2023-01-10 10:10:27,459 INFO Clear point  control rule for monitorKeys, pointName=[HealthCheck]  

2023-01-10 10:12:54,240 INFO Register tps control,pointName=CONFIG_PUSH_COUNT, point=com.alibaba.nacos.core.remote.control.TpsMonitorPoint@61fe30 

2023-01-10 10:12:54,244 INFO Load rule from local,pointName=CONFIG_PUSH_COUNT, ruleContent= 

2023-01-10 10:12:54,245 INFO Apply tps control rule parse start,pointName=[CONFIG_PUSH_COUNT]  

2023-01-10 10:12:54,246 INFO Clear point  control rule ,pointName=[CONFIG_PUSH_COUNT]  

2023-01-10 10:12:54,249 INFO Clear point  control rule for monitorKeys, pointName=[CONFIG_PUSH_COUNT]  

2023-01-10 10:12:54,250 INFO Register tps control,pointName=CONFIG_PUSH_SUCCESS, point=com.alibaba.nacos.core.remote.control.TpsMonitorPoint@c9d0d6 

2023-01-10 10:12:54,252 INFO Load rule from local,pointName=CONFIG_PUSH_SUCCESS, ruleContent= 

2023-01-10 10:12:54,254 INFO Apply tps control rule parse start,pointName=[CONFIG_PUSH_SUCCESS]  

2023-01-10 10:12:54,256 INFO Clear point  control rule ,pointName=[CONFIG_PUSH_SUCCESS]  

2023-01-10 10:12:54,257 INFO Clear point  control rule for monitorKeys, pointName=[CONFIG_PUSH_SUCCESS]  

2023-01-10 10:12:54,258 INFO Register tps control,pointName=CONFIG_PUSH_FAIL, point=com.alibaba.nacos.core.remote.control.TpsMonitorPoint@6ccdb29f 

2023-01-10 10:12:54,261 INFO Load rule from local,pointName=CONFIG_PUSH_FAIL, ruleContent= 

2023-01-10 10:12:54,262 INFO Apply tps control rule parse start,pointName=[CONFIG_PUSH_FAIL]  

2023-01-10 10:12:54,263 INFO Clear point  control rule ,pointName=[CONFIG_PUSH_FAIL]  

2023-01-10 10:12:54,264 INFO Clear point  control rule for monitorKeys, pointName=[CONFIG_PUSH_FAIL]  

2023-01-10 10:13:00,840 INFO Register tps control,pointName=ConfigQuery, point=com.alibaba.nacos.core.remote.control.TpsMonitorPoint@60bdf15d 

2023-01-10 10:13:00,842 INFO Load rule from local,pointName=ConfigQuery, ruleContent= 

2023-01-10 10:13:00,843 INFO Apply tps control rule parse start,pointName=[ConfigQuery]  

2023-01-10 10:13:00,843 INFO Clear point  control rule ,pointName=[ConfigQuery]  

2023-01-10 10:13:00,844 INFO Clear point  control rule for monitorKeys, pointName=[ConfigQuery]  

2023-01-10 10:13:00,845 INFO Register tps control,pointName=ClusterConfigChangeNotify, point=com.alibaba.nacos.core.remote.control.TpsMonitorPoint@47da3952 

2023-01-10 10:13:00,846 INFO Load rule from local,pointName=ClusterConfigChangeNotify, ruleContent= 

2023-01-10 10:13:00,847 INFO Apply tps control rule parse start,pointName=[ClusterConfigChangeNotify]  

2023-01-10 10:13:00,847 INFO Clear point  control rule ,pointName=[ClusterConfigChangeNotify]  

2023-01-10 10:13:00,848 INFO Clear point  control rule for monitorKeys, pointName=[ClusterConfigChangeNotify]  

2023-01-10 10:13:00,849 INFO Register tps control,pointName=ConfigListen, point=com.alibaba.nacos.core.remote.control.TpsMonitorPoint@51e4ccb3 

2023-01-10 10:13:00,849 INFO Load rule from local,pointName=ConfigListen, ruleContent= 

2023-01-10 10:13:00,850 INFO Apply tps control rule parse start,pointName=[ConfigListen]  

2023-01-10 10:13:00,850 INFO Clear point  control rule ,pointName=[ConfigListen]  

2023-01-10 10:13:00,851 INFO Clear point  control rule for monitorKeys, pointName=[ConfigListen]  

2023-01-10 10:13:00,853 INFO Register tps control,pointName=ConfigRemove, point=com.alibaba.nacos.core.remote.control.TpsMonitorPoint@495083a0 

2023-01-10 10:13:00,853 INFO Load rule from local,pointName=ConfigRemove, ruleContent= 

2023-01-10 10:13:00,855 INFO Apply tps control rule parse start,pointName=[ConfigRemove]  

2023-01-10 10:13:00,855 INFO Clear point  control rule ,pointName=[ConfigRemove]  

2023-01-10 10:13:00,856 INFO Clear point  control rule for monitorKeys, pointName=[ConfigRemove]  

2023-01-10 10:13:00,857 INFO Register tps control,pointName=ConfigPublish, point=com.alibaba.nacos.core.remote.control.TpsMonitorPoint@5fd62371 

2023-01-10 10:13:00,858 INFO Load rule from local,pointName=ConfigPublish, ruleContent= 

2023-01-10 10:13:00,858 INFO Apply tps control rule parse start,pointName=[ConfigPublish]  

2023-01-10 10:13:00,859 INFO Clear point  control rule ,pointName=[ConfigPublish]  

2023-01-10 10:13:00,860 INFO Clear point  control rule for monitorKeys, pointName=[ConfigPublish]  

2023-01-10 10:13:00,861 INFO Register tps control,pointName=HealthCheck, point=com.alibaba.nacos.core.remote.control.TpsMonitorPoint@28a0fd6c 

2023-01-10 10:13:00,862 INFO Load rule from local,pointName=HealthCheck, ruleContent= 

2023-01-10 10:13:00,863 INFO Apply tps control rule parse start,pointName=[HealthCheck]  

2023-01-10 10:13:00,864 INFO Clear point  control rule ,pointName=[HealthCheck]  

2023-01-10 10:13:00,865 INFO Clear point  control rule for monitorKeys, pointName=[HealthCheck]  

2023-01-10 10:16:36,226 INFO Register tps control,pointName=CONFIG_PUSH_COUNT, point=com.alibaba.nacos.core.remote.control.TpsMonitorPoint@1e461e41 

2023-01-10 10:16:36,227 INFO Load rule from local,pointName=CONFIG_PUSH_COUNT, ruleContent= 

2023-01-10 10:16:36,228 INFO Apply tps control rule parse start,pointName=[CONFIG_PUSH_COUNT]  

2023-01-10 10:16:36,230 INFO Clear point  control rule ,pointName=[CONFIG_PUSH_COUNT]  

2023-01-10 10:16:36,232 INFO Clear point  control rule for monitorKeys, pointName=[CONFIG_PUSH_COUNT]  

2023-01-10 10:16:36,232 INFO Register tps control,pointName=CONFIG_PUSH_SUCCESS, point=com.alibaba.nacos.core.remote.control.TpsMonitorPoint@5ba88be8 

2023-01-10 10:16:36,233 INFO Load rule from local,pointName=CONFIG_PUSH_SUCCESS, ruleContent= 

2023-01-10 10:16:36,234 INFO Apply tps control rule parse start,pointName=[CONFIG_PUSH_SUCCESS]  

2023-01-10 10:16:36,235 INFO Clear point  control rule ,pointName=[CONFIG_PUSH_SUCCESS]  

2023-01-10 10:16:36,237 INFO Clear point  control rule for monitorKeys, pointName=[CONFIG_PUSH_SUCCESS]  

2023-01-10 10:16:36,238 INFO Register tps control,pointName=CONFIG_PUSH_FAIL, point=com.alibaba.nacos.core.remote.control.TpsMonitorPoint@56928307 

2023-01-10 10:16:36,239 INFO Load rule from local,pointName=CONFIG_PUSH_FAIL, ruleContent= 

2023-01-10 10:16:36,240 INFO Apply tps control rule parse start,pointName=[CONFIG_PUSH_FAIL]  

2023-01-10 10:16:36,240 INFO Clear point  control rule ,pointName=[CONFIG_PUSH_FAIL]  

2023-01-10 10:16:36,242 INFO Clear point  control rule for monitorKeys, pointName=[CONFIG_PUSH_FAIL]  

2023-01-10 10:16:42,342 INFO Register tps control,pointName=ConfigQuery, point=com.alibaba.nacos.core.remote.control.TpsMonitorPoint@6865c751 

2023-01-10 10:16:42,345 INFO Load rule from local,pointName=ConfigQuery, ruleContent= 

2023-01-10 10:16:42,345 INFO Apply tps control rule parse start,pointName=[ConfigQuery]  

2023-01-10 10:16:42,346 INFO Clear point  control rule ,pointName=[ConfigQuery]  

2023-01-10 10:16:42,347 INFO Clear point  control rule for monitorKeys, pointName=[ConfigQuery]  

2023-01-10 10:16:42,348 INFO Register tps control,pointName=ClusterConfigChangeNotify, point=com.alibaba.nacos.core.remote.control.TpsMonitorPoint@62679465 

2023-01-10 10:16:42,349 INFO Load rule from local,pointName=ClusterConfigChangeNotify, ruleContent= 

2023-01-10 10:16:42,349 INFO Apply tps control rule parse start,pointName=[ClusterConfigChangeNotify]  

2023-01-10 10:16:42,350 INFO Clear point  control rule ,pointName=[ClusterConfigChangeNotify]  

2023-01-10 10:16:42,351 INFO Clear point  control rule for monitorKeys, pointName=[ClusterConfigChangeNotify]  

2023-01-10 10:16:42,353 INFO Register tps control,pointName=ConfigListen, point=com.alibaba.nacos.core.remote.control.TpsMonitorPoint@6a988392 

2023-01-10 10:16:42,354 INFO Load rule from local,pointName=ConfigListen, ruleContent= 

2023-01-10 10:16:42,355 INFO Apply tps control rule parse start,pointName=[ConfigListen]  

2023-01-10 10:16:42,355 INFO Clear point  control rule ,pointName=[ConfigListen]  

2023-01-10 10:16:42,356 INFO Clear point  control rule for monitorKeys, pointName=[ConfigListen]  

2023-01-10 10:16:42,359 INFO Register tps control,pointName=ConfigRemove, point=com.alibaba.nacos.core.remote.control.TpsMonitorPoint@5b6813df 

2023-01-10 10:16:42,361 INFO Load rule from local,pointName=ConfigRemove, ruleContent= 

2023-01-10 10:16:42,364 INFO Apply tps control rule parse start,pointName=[ConfigRemove]  

2023-01-10 10:16:42,366 INFO Clear point  control rule ,pointName=[ConfigRemove]  

2023-01-10 10:16:42,366 INFO Clear point  control rule for monitorKeys, pointName=[ConfigRemove]  

2023-01-10 10:16:42,368 INFO Register tps control,pointName=ConfigPublish, point=com.alibaba.nacos.core.remote.control.TpsMonitorPoint@5f2606b 

2023-01-10 10:16:42,368 INFO Load rule from local,pointName=ConfigPublish, ruleContent= 

2023-01-10 10:16:42,373 INFO Apply tps control rule parse start,pointName=[ConfigPublish]  

2023-01-10 10:16:42,374 INFO Clear point  control rule ,pointName=[ConfigPublish]  

2023-01-10 10:16:42,376 INFO Clear point  control rule for monitorKeys, pointName=[ConfigPublish]  

2023-01-10 10:16:42,378 INFO Register tps control,pointName=HealthCheck, point=com.alibaba.nacos.core.remote.control.TpsMonitorPoint@2b58f754 

2023-01-10 10:16:42,380 INFO Load rule from local,pointName=HealthCheck, ruleContent= 

2023-01-10 10:16:42,382 INFO Apply tps control rule parse start,pointName=[HealthCheck]  

2023-01-10 10:16:42,382 INFO Clear point  control rule ,pointName=[HealthCheck]  

2023-01-10 10:16:42,384 INFO Clear point  control rule for monitorKeys, pointName=[HealthCheck]  

2023-01-10 10:20:15,771 INFO Register tps control,pointName=CONFIG_PUSH_COUNT, point=com.alibaba.nacos.core.remote.control.TpsMonitorPoint@2fd953a6 

2023-01-10 10:20:15,778 INFO Load rule from local,pointName=CONFIG_PUSH_COUNT, ruleContent= 

2023-01-10 10:20:15,779 INFO Apply tps control rule parse start,pointName=[CONFIG_PUSH_COUNT]  

2023-01-10 10:20:15,781 INFO Clear point  control rule ,pointName=[CONFIG_PUSH_COUNT]  

2023-01-10 10:20:15,785 INFO Clear point  control rule for monitorKeys, pointName=[CONFIG_PUSH_COUNT]  

2023-01-10 10:20:15,786 INFO Register tps control,pointName=CONFIG_PUSH_SUCCESS, point=com.alibaba.nacos.core.remote.control.TpsMonitorPoint@a4add54 

2023-01-10 10:20:15,788 INFO Load rule from local,pointName=CONFIG_PUSH_SUCCESS, ruleContent= 

2023-01-10 10:20:15,789 INFO Apply tps control rule parse start,pointName=[CONFIG_PUSH_SUCCESS]  

2023-01-10 10:20:15,790 INFO Clear point  control rule ,pointName=[CONFIG_PUSH_SUCCESS]  

2023-01-10 10:20:15,802 INFO Clear point  control rule for monitorKeys, pointName=[CONFIG_PUSH_SUCCESS]  

2023-01-10 10:20:15,803 INFO Register tps control,pointName=CONFIG_PUSH_FAIL, point=com.alibaba.nacos.core.remote.control.TpsMonitorPoint@141e5bef 

2023-01-10 10:20:15,805 INFO Load rule from local,pointName=CONFIG_PUSH_FAIL, ruleContent= 

2023-01-10 10:20:15,805 INFO Apply tps control rule parse start,pointName=[CONFIG_PUSH_FAIL]  

2023-01-10 10:20:15,806 INFO Clear point  control rule ,pointName=[CONFIG_PUSH_FAIL]  

2023-01-10 10:20:15,807 INFO Clear point  control rule for monitorKeys, pointName=[CONFIG_PUSH_FAIL]  

2023-01-10 10:20:22,230 INFO Register tps control,pointName=ConfigQuery, point=com.alibaba.nacos.core.remote.control.TpsMonitorPoint@533b266e 

2023-01-10 10:20:22,231 INFO Load rule from local,pointName=ConfigQuery, ruleContent= 

2023-01-10 10:20:22,232 INFO Apply tps control rule parse start,pointName=[ConfigQuery]  

2023-01-10 10:20:22,233 INFO Clear point  control rule ,pointName=[ConfigQuery]  

2023-01-10 10:20:22,233 INFO Clear point  control rule for monitorKeys, pointName=[ConfigQuery]  

2023-01-10 10:20:22,234 INFO Register tps control,pointName=ClusterConfigChangeNotify, point=com.alibaba.nacos.core.remote.control.TpsMonitorPoint@6d1d4d7 

2023-01-10 10:20:22,235 INFO Load rule from local,pointName=ClusterConfigChangeNotify, ruleContent= 

2023-01-10 10:20:22,236 INFO Apply tps control rule parse start,pointName=[ClusterConfigChangeNotify]  

2023-01-10 10:20:22,236 INFO Clear point  control rule ,pointName=[ClusterConfigChangeNotify]  

2023-01-10 10:20:22,237 INFO Clear point  control rule for monitorKeys, pointName=[ClusterConfigChangeNotify]  

2023-01-10 10:20:22,238 INFO Register tps control,pointName=ConfigListen, point=com.alibaba.nacos.core.remote.control.TpsMonitorPoint@89ff02e 

2023-01-10 10:20:22,239 INFO Load rule from local,pointName=ConfigListen, ruleContent= 

2023-01-10 10:20:22,239 INFO Apply tps control rule parse start,pointName=[ConfigListen]  

2023-01-10 10:20:22,240 INFO Clear point  control rule ,pointName=[ConfigListen]  

2023-01-10 10:20:22,241 INFO Clear point  control rule for monitorKeys, pointName=[ConfigListen]  

2023-01-10 10:20:22,242 INFO Register tps control,pointName=ConfigRemove, point=com.alibaba.nacos.core.remote.control.TpsMonitorPoint@62679465 

2023-01-10 10:20:22,243 INFO Load rule from local,pointName=ConfigRemove, ruleContent= 

2023-01-10 10:20:22,244 INFO Apply tps control rule parse start,pointName=[ConfigRemove]  

2023-01-10 10:20:22,245 INFO Clear point  control rule ,pointName=[ConfigRemove]  

2023-01-10 10:20:22,246 INFO Clear point  control rule for monitorKeys, pointName=[ConfigRemove]  

2023-01-10 10:20:22,247 INFO Register tps control,pointName=ConfigPublish, point=com.alibaba.nacos.core.remote.control.TpsMonitorPoint@6a988392 

2023-01-10 10:20:22,247 INFO Load rule from local,pointName=ConfigPublish, ruleContent= 

2023-01-10 10:20:22,248 INFO Apply tps control rule parse start,pointName=[ConfigPublish]  

2023-01-10 10:20:22,249 INFO Clear point  control rule ,pointName=[ConfigPublish]  

2023-01-10 10:20:22,250 INFO Clear point  control rule for monitorKeys, pointName=[ConfigPublish]  

2023-01-10 10:20:22,252 INFO Register tps control,pointName=HealthCheck, point=com.alibaba.nacos.core.remote.control.TpsMonitorPoint@1d71006f 

2023-01-10 10:20:22,253 INFO Load rule from local,pointName=HealthCheck, ruleContent= 

2023-01-10 10:20:22,254 INFO Apply tps control rule parse start,pointName=[HealthCheck]  

2023-01-10 10:20:22,255 INFO Clear point  control rule ,pointName=[HealthCheck]  

2023-01-10 10:20:22,256 INFO Clear point  control rule for monitorKeys, pointName=[HealthCheck]  

