2023-01-10 09:52:12,853 INFO Tps reporting...
ConfigListen|point|SECONDS|2023-01-10 09:52:11|2|0
ConfigQuery|point|SECONDS|2023-01-10 09:52:11|1|0


2023-01-10 09:52:22,765 INFO Tps reporting...
HealthCheck|point|SECONDS|2023-01-10 09:52:21|1|0


2023-01-10 09:52:32,661 INFO Tps reporting...
HealthCheck|point|SECONDS|2023-01-10 09:52:31|1|0


2023-01-10 09:52:37,167 INFO Tps reporting...
HealthCheck|point|SECONDS|2023-01-10 09:52:36|1|0


2023-01-10 09:52:42,585 INFO Tps reporting...
HealthCheck|point|SECONDS|2023-01-10 09:52:41|1|0


2023-01-10 09:52:47,092 INFO Tps reporting...
HealthCheck|point|SECONDS|2023-01-10 09:52:46|1|0


2023-01-10 09:52:52,517 INFO Tps reporting...
HealthCheck|point|SECONDS|2023-01-10 09:52:51|1|0


2023-01-10 09:53:02,419 INFO Tps reporting...
HealthCheck|point|SECONDS|2023-01-10 09:53:01|1|0


2023-01-10 09:53:07,830 INFO Tps reporting...
HealthCheck|point|SECONDS|2023-01-10 09:53:06|1|0


2023-01-10 09:53:12,342 INFO Tps reporting...
HealthCheck|point|SECONDS|2023-01-10 09:53:11|1|0


2023-01-10 09:53:17,750 INFO Tps reporting...
HealthCheck|point|SECONDS|2023-01-10 09:53:16|1|0


2023-01-10 09:53:22,259 INFO Tps reporting...
HealthCheck|point|SECONDS|2023-01-10 09:53:21|1|0


2023-01-10 09:53:32,151 INFO Tps reporting...
HealthCheck|point|SECONDS|2023-01-10 09:53:31|1|0


2023-01-10 09:53:37,564 INFO Tps reporting...
HealthCheck|point|SECONDS|2023-01-10 09:53:36|1|0


2023-01-10 09:53:42,075 INFO Tps reporting...
HealthCheck|point|SECONDS|2023-01-10 09:53:41|1|0


2023-01-10 09:53:47,488 INFO Tps reporting...
HealthCheck|point|SECONDS|2023-01-10 09:53:46|1|0


2023-01-10 09:53:52,899 INFO Tps reporting...
HealthCheck|point|SECONDS|2023-01-10 09:53:51|1|0


2023-01-10 09:54:02,796 INFO Tps reporting...
HealthCheck|point|SECONDS|2023-01-10 09:54:01|1|0


2023-01-10 09:54:07,313 INFO Tps reporting...
HealthCheck|point|SECONDS|2023-01-10 09:54:06|1|0


2023-01-10 09:54:12,722 INFO Tps reporting...
HealthCheck|point|SECONDS|2023-01-10 09:54:11|1|0


2023-01-10 09:54:17,231 INFO Tps reporting...
HealthCheck|point|SECONDS|2023-01-10 09:54:16|1|0


2023-01-10 09:54:22,644 INFO Tps reporting...
HealthCheck|point|SECONDS|2023-01-10 09:54:21|1|0


2023-01-10 09:54:32,538 INFO Tps reporting...
HealthCheck|point|SECONDS|2023-01-10 09:54:31|1|0


2023-01-10 09:54:37,053 INFO Tps reporting...
HealthCheck|point|SECONDS|2023-01-10 09:54:36|1|0


2023-01-10 09:54:42,467 INFO Tps reporting...
HealthCheck|point|SECONDS|2023-01-10 09:54:41|1|0


2023-01-10 09:54:47,877 INFO Tps reporting...
HealthCheck|point|SECONDS|2023-01-10 09:54:46|1|0


2023-01-10 09:54:52,387 INFO Tps reporting...
HealthCheck|point|SECONDS|2023-01-10 09:54:51|1|0


2023-01-10 09:55:02,292 INFO Tps reporting...
HealthCheck|point|SECONDS|2023-01-10 09:55:01|1|0


2023-01-10 09:55:07,706 INFO Tps reporting...
HealthCheck|point|SECONDS|2023-01-10 09:55:06|1|0


2023-01-10 09:55:12,214 INFO Tps reporting...
HealthCheck|point|SECONDS|2023-01-10 09:55:11|1|0


2023-01-10 09:55:17,624 INFO Tps reporting...
HealthCheck|point|SECONDS|2023-01-10 09:55:16|1|0


2023-01-10 09:55:22,134 INFO Tps reporting...
HealthCheck|point|SECONDS|2023-01-10 09:55:21|1|0


2023-01-10 09:55:32,037 INFO Tps reporting...
HealthCheck|point|SECONDS|2023-01-10 09:55:31|1|0


2023-01-10 09:55:37,452 INFO Tps reporting...
HealthCheck|point|SECONDS|2023-01-10 09:55:36|1|0


2023-01-10 09:55:42,862 INFO Tps reporting...
HealthCheck|point|SECONDS|2023-01-10 09:55:41|1|0


2023-01-10 09:55:47,370 INFO Tps reporting...
HealthCheck|point|SECONDS|2023-01-10 09:55:46|1|0


2023-01-10 09:55:52,781 INFO Tps reporting...
HealthCheck|point|SECONDS|2023-01-10 09:55:51|1|0


2023-01-10 09:56:02,685 INFO Tps reporting...
HealthCheck|point|SECONDS|2023-01-10 09:56:01|1|0


2023-01-10 09:56:07,194 INFO Tps reporting...
HealthCheck|point|SECONDS|2023-01-10 09:56:06|1|0


2023-01-10 09:56:12,610 INFO Tps reporting...
HealthCheck|point|SECONDS|2023-01-10 09:56:11|1|0


2023-01-10 09:56:17,119 INFO Tps reporting...
HealthCheck|point|SECONDS|2023-01-10 09:56:16|1|0


2023-01-10 09:56:22,529 INFO Tps reporting...
HealthCheck|point|SECONDS|2023-01-10 09:56:21|1|0


2023-01-10 09:56:32,428 INFO Tps reporting...
HealthCheck|point|SECONDS|2023-01-10 09:56:31|1|0


2023-01-10 09:56:37,839 INFO Tps reporting...
HealthCheck|point|SECONDS|2023-01-10 09:56:36|1|0


2023-01-10 09:56:42,354 INFO Tps reporting...
HealthCheck|point|SECONDS|2023-01-10 09:56:41|1|0


2023-01-10 09:56:47,767 INFO Tps reporting...
HealthCheck|point|SECONDS|2023-01-10 09:56:46|1|0


2023-01-10 09:56:52,275 INFO Tps reporting...
HealthCheck|point|SECONDS|2023-01-10 09:56:51|1|0


2023-01-10 09:57:02,187 INFO Tps reporting...
HealthCheck|point|SECONDS|2023-01-10 09:57:01|1|0


2023-01-10 09:57:07,602 INFO Tps reporting...
HealthCheck|point|SECONDS|2023-01-10 09:57:06|1|0
ConfigListen|point|SECONDS|2023-01-10 09:57:06|1|0


2023-01-10 09:57:17,523 INFO Tps reporting...
HealthCheck|point|SECONDS|2023-01-10 09:57:16|1|0


2023-01-10 09:57:22,040 INFO Tps reporting...
HealthCheck|point|SECONDS|2023-01-10 09:57:21|1|0


2023-01-10 09:57:32,840 INFO Tps reporting...
HealthCheck|point|SECONDS|2023-01-10 09:57:31|1|0


2023-01-10 09:57:37,345 INFO Tps reporting...
HealthCheck|point|SECONDS|2023-01-10 09:57:36|1|0


2023-01-10 09:57:42,758 INFO Tps reporting...
HealthCheck|point|SECONDS|2023-01-10 09:57:41|1|0


2023-01-10 09:57:47,271 INFO Tps reporting...
HealthCheck|point|SECONDS|2023-01-10 09:57:46|1|0


2023-01-10 09:57:52,685 INFO Tps reporting...
HealthCheck|point|SECONDS|2023-01-10 09:57:51|1|0


2023-01-10 09:58:02,586 INFO Tps reporting...
HealthCheck|point|SECONDS|2023-01-10 09:58:01|1|0


2023-01-10 09:58:07,099 INFO Tps reporting...
HealthCheck|point|SECONDS|2023-01-10 09:58:06|1|0


2023-01-10 09:58:12,509 INFO Tps reporting...
HealthCheck|point|SECONDS|2023-01-10 09:58:11|1|0


2023-01-10 09:58:17,015 INFO Tps reporting...
HealthCheck|point|SECONDS|2023-01-10 09:58:16|1|0


2023-01-10 09:58:22,425 INFO Tps reporting...
HealthCheck|point|SECONDS|2023-01-10 09:58:21|1|0


2023-01-10 09:58:32,322 INFO Tps reporting...
HealthCheck|point|SECONDS|2023-01-10 09:58:31|1|0


2023-01-10 09:58:37,735 INFO Tps reporting...
HealthCheck|point|SECONDS|2023-01-10 09:58:36|1|0


2023-01-10 09:58:42,246 INFO Tps reporting...
HealthCheck|point|SECONDS|2023-01-10 09:58:41|1|0


2023-01-10 09:58:47,657 INFO Tps reporting...
HealthCheck|point|SECONDS|2023-01-10 09:58:46|1|0


2023-01-10 09:58:52,171 INFO Tps reporting...
HealthCheck|point|SECONDS|2023-01-10 09:58:51|1|0


2023-01-10 09:59:02,066 INFO Tps reporting...
HealthCheck|point|SECONDS|2023-01-10 09:59:01|1|0


2023-01-10 09:59:07,472 INFO Tps reporting...
HealthCheck|point|SECONDS|2023-01-10 09:59:06|1|0


2023-01-10 09:59:12,908 INFO Tps reporting...
HealthCheck|point|SECONDS|2023-01-10 09:59:11|1|0


2023-01-10 09:59:13,812 INFO Tps reporting...
ConfigListen|point|SECONDS|2023-01-10 09:59:12|1|0
ConfigQuery|point|SECONDS|2023-01-10 09:59:12|1|0
CONFIG_PUSH_SUCCESS|point|SECONDS|2023-01-10 09:59:12|1|0
CONFIG_PUSH_COUNT|point|SECONDS|2023-01-10 09:59:12|1|0


2023-01-10 09:59:14,716 INFO Tps reporting...
ConfigListen|point|SECONDS|2023-01-10 09:59:13|1|0


2023-01-10 09:59:22,825 INFO Tps reporting...
HealthCheck|point|SECONDS|2023-01-10 09:59:21|1|0


2023-01-10 09:59:32,716 INFO Tps reporting...
HealthCheck|point|SECONDS|2023-01-10 09:59:31|1|0


2023-01-10 09:59:37,228 INFO Tps reporting...
HealthCheck|point|SECONDS|2023-01-10 09:59:36|1|0


2023-01-10 09:59:42,640 INFO Tps reporting...
HealthCheck|point|SECONDS|2023-01-10 09:59:41|1|0


2023-01-10 09:59:47,153 INFO Tps reporting...
HealthCheck|point|SECONDS|2023-01-10 09:59:46|1|0


2023-01-10 09:59:52,561 INFO Tps reporting...
HealthCheck|point|SECONDS|2023-01-10 09:59:51|1|0


2023-01-10 10:00:02,455 INFO Tps reporting...
HealthCheck|point|SECONDS|2023-01-10 10:00:01|1|0


2023-01-10 10:00:07,866 INFO Tps reporting...
HealthCheck|point|SECONDS|2023-01-10 10:00:06|1|0


2023-01-10 10:00:12,378 INFO Tps reporting...
HealthCheck|point|SECONDS|2023-01-10 10:00:11|1|0


2023-01-10 10:00:17,788 INFO Tps reporting...
HealthCheck|point|SECONDS|2023-01-10 10:00:16|1|0


2023-01-10 10:00:22,296 INFO Tps reporting...
HealthCheck|point|SECONDS|2023-01-10 10:00:21|1|0


2023-01-10 10:00:32,196 INFO Tps reporting...
HealthCheck|point|SECONDS|2023-01-10 10:00:31|1|0


2023-01-10 10:00:37,608 INFO Tps reporting...
HealthCheck|point|SECONDS|2023-01-10 10:00:36|1|0


2023-01-10 10:00:42,125 INFO Tps reporting...
HealthCheck|point|SECONDS|2023-01-10 10:00:41|1|0


2023-01-10 10:00:47,541 INFO Tps reporting...
HealthCheck|point|SECONDS|2023-01-10 10:00:46|1|0


2023-01-10 10:00:52,053 INFO Tps reporting...
HealthCheck|point|SECONDS|2023-01-10 10:00:51|1|0


2023-01-10 10:01:02,854 INFO Tps reporting...
HealthCheck|point|SECONDS|2023-01-10 10:01:01|1|0


2023-01-10 10:01:07,369 INFO Tps reporting...
HealthCheck|point|SECONDS|2023-01-10 10:01:06|1|0


2023-01-10 10:01:12,785 INFO Tps reporting...
HealthCheck|point|SECONDS|2023-01-10 10:01:11|1|0


2023-01-10 10:01:17,299 INFO Tps reporting...
HealthCheck|point|SECONDS|2023-01-10 10:01:16|1|0


2023-01-10 10:01:22,716 INFO Tps reporting...
HealthCheck|point|SECONDS|2023-01-10 10:01:21|1|0


2023-01-10 10:01:32,613 INFO Tps reporting...
HealthCheck|point|SECONDS|2023-01-10 10:01:31|1|0


2023-01-10 10:01:37,125 INFO Tps reporting...
HealthCheck|point|SECONDS|2023-01-10 10:01:36|1|0


2023-01-10 10:01:42,542 INFO Tps reporting...
HealthCheck|point|SECONDS|2023-01-10 10:01:41|1|0


2023-01-10 10:01:47,053 INFO Tps reporting...
HealthCheck|point|SECONDS|2023-01-10 10:01:46|1|0


2023-01-10 10:01:52,469 INFO Tps reporting...
HealthCheck|point|SECONDS|2023-01-10 10:01:51|1|0


2023-01-10 10:02:02,360 INFO Tps reporting...
HealthCheck|point|SECONDS|2023-01-10 10:02:01|1|0


2023-01-10 10:02:07,781 INFO Tps reporting...
HealthCheck|point|SECONDS|2023-01-10 10:02:06|1|0


2023-01-10 10:02:09,584 INFO Tps reporting...
ConfigListen|point|SECONDS|2023-01-10 10:02:08|1|0


2023-01-10 10:02:17,700 INFO Tps reporting...
HealthCheck|point|SECONDS|2023-01-10 10:02:16|1|0


2023-01-10 10:02:22,216 INFO Tps reporting...
HealthCheck|point|SECONDS|2023-01-10 10:02:21|1|0


2023-01-10 10:02:32,120 INFO Tps reporting...
HealthCheck|point|SECONDS|2023-01-10 10:02:31|1|0


2023-01-10 10:02:37,542 INFO Tps reporting...
HealthCheck|point|SECONDS|2023-01-10 10:02:36|1|0


2023-01-10 10:02:42,049 INFO Tps reporting...
HealthCheck|point|SECONDS|2023-01-10 10:02:41|1|0


2023-01-10 10:02:47,465 INFO Tps reporting...
HealthCheck|point|SECONDS|2023-01-10 10:02:46|1|0


2023-01-10 10:02:52,873 INFO Tps reporting...
HealthCheck|point|SECONDS|2023-01-10 10:02:51|1|0


2023-01-10 10:03:02,769 INFO Tps reporting...
HealthCheck|point|SECONDS|2023-01-10 10:03:01|1|0


2023-01-10 10:03:07,275 INFO Tps reporting...
HealthCheck|point|SECONDS|2023-01-10 10:03:06|1|0


2023-01-10 10:03:12,692 INFO Tps reporting...
HealthCheck|point|SECONDS|2023-01-10 10:03:11|1|0


2023-01-10 10:03:17,198 INFO Tps reporting...
HealthCheck|point|SECONDS|2023-01-10 10:03:16|1|0


2023-01-10 10:03:22,607 INFO Tps reporting...
HealthCheck|point|SECONDS|2023-01-10 10:03:21|1|0


2023-01-10 10:03:32,502 INFO Tps reporting...
HealthCheck|point|SECONDS|2023-01-10 10:03:31|1|0


2023-01-10 10:03:37,009 INFO Tps reporting...
HealthCheck|point|SECONDS|2023-01-10 10:03:36|1|0


2023-01-10 10:03:42,423 INFO Tps reporting...
HealthCheck|point|SECONDS|2023-01-10 10:03:41|1|0


2023-01-10 10:03:47,832 INFO Tps reporting...
HealthCheck|point|SECONDS|2023-01-10 10:03:46|1|0


2023-01-10 10:03:52,341 INFO Tps reporting...
HealthCheck|point|SECONDS|2023-01-10 10:03:51|1|0


2023-01-10 10:04:02,241 INFO Tps reporting...
HealthCheck|point|SECONDS|2023-01-10 10:04:01|1|0


2023-01-10 10:04:07,659 INFO Tps reporting...
HealthCheck|point|SECONDS|2023-01-10 10:04:06|1|0


2023-01-10 10:04:12,165 INFO Tps reporting...
HealthCheck|point|SECONDS|2023-01-10 10:04:11|1|0


2023-01-10 10:04:17,590 INFO Tps reporting...
HealthCheck|point|SECONDS|2023-01-10 10:04:16|1|0


2023-01-10 10:04:56,189 INFO Tps reporting...
ConfigQuery|point|SECONDS|2023-01-10 10:04:55|1|0


2023-01-10 10:04:57,096 INFO Tps reporting...
ConfigListen|point|SECONDS|2023-01-10 10:04:56|1|0


2023-01-10 10:08:07,257 INFO Tps reporting...
HealthCheck|point|SECONDS|2023-01-10 10:08:06|1|0
ConfigListen|point|SECONDS|2023-01-10 10:08:06|1|0
ConfigQuery|point|SECONDS|2023-01-10 10:08:06|1|0


2023-01-10 10:08:17,162 INFO Tps reporting...
HealthCheck|point|SECONDS|2023-01-10 10:08:16|1|0


2023-01-10 10:08:22,568 INFO Tps reporting...
HealthCheck|point|SECONDS|2023-01-10 10:08:21|1|0


2023-01-10 10:08:32,475 INFO Tps reporting...
HealthCheck|point|SECONDS|2023-01-10 10:08:31|1|0


2023-01-10 10:08:37,886 INFO Tps reporting...
HealthCheck|point|SECONDS|2023-01-10 10:08:36|1|0


2023-01-10 10:08:42,398 INFO Tps reporting...
HealthCheck|point|SECONDS|2023-01-10 10:08:41|1|0


2023-01-10 10:08:47,810 INFO Tps reporting...
HealthCheck|point|SECONDS|2023-01-10 10:08:46|1|0


2023-01-10 10:08:52,323 INFO Tps reporting...
HealthCheck|point|SECONDS|2023-01-10 10:08:51|1|0


2023-01-10 10:09:02,220 INFO Tps reporting...
HealthCheck|point|SECONDS|2023-01-10 10:09:01|1|0


2023-01-10 10:10:28,887 INFO Tps reporting...
ConfigListen|point|SECONDS|2023-01-10 10:10:27|1|0


2023-01-10 10:10:38,796 INFO Tps reporting...
HealthCheck|point|SECONDS|2023-01-10 10:10:37|1|0


2023-01-10 10:10:43,307 INFO Tps reporting...
HealthCheck|point|SECONDS|2023-01-10 10:10:42|1|0


2023-01-10 10:10:48,716 INFO Tps reporting...
HealthCheck|point|SECONDS|2023-01-10 10:10:47|1|0


2023-01-10 10:14:43,361 INFO Tps reporting...
ConfigListen|point|SECONDS|2023-01-10 10:14:42|1|0
ConfigQuery|point|SECONDS|2023-01-10 10:14:42|1|0


2023-01-10 10:14:51,466 INFO Tps reporting...
HealthCheck|point|SECONDS|2023-01-10 10:14:50|1|0


2023-01-10 10:16:44,326 INFO Tps reporting...
ConfigListen|point|SECONDS|2023-01-10 10:16:43|1|0


2023-01-10 10:16:54,226 INFO Tps reporting...
HealthCheck|point|SECONDS|2023-01-10 10:16:53|1|0


2023-01-10 10:17:04,148 INFO Tps reporting...
HealthCheck|point|SECONDS|2023-01-10 10:17:03|1|0


2023-01-10 10:20:23,852 INFO Tps reporting...
ConfigListen|point|SECONDS|2023-01-10 10:20:22|1|0


2023-01-10 10:20:33,088 INFO Tps reporting...
HealthCheck|point|SECONDS|2023-01-10 10:20:32|1|0


